Multivariate ld-score regression of 13 traits (~/GENIE_GSEM/data/gwas_sumstats/munged/hm3_munged_info_0_8_maf_0_1/FFM.sumstats.gz ~/GENIE_GSEM/data/gwas_sumstats/munged/hm3_munged_info_0_8_maf_0_1/Insulin_Eur.sumstats.gz ~/GENIE_GSEM/data/gwas_sumstats/munged/hm3_munged_info_0_8_maf_0_1/AN.sumstats.gz ~/GENIE_GSEM/data/gwas_sumstats/munged/hm3_munged_info_0_8_maf_0_1/ANX.sumstats.gz ~/GENIE_GSEM/data/gwas_sumstats/munged/hm3_munged_info_0_8_maf_0_1/BMI.sumstats.gz ~/GENIE_GSEM/data/gwas_sumstats/munged/hm3_munged_info_0_8_maf_0_1/MDD_Eur.sumstats.gz ~/GENIE_GSEM/data/gwas_sumstats/munged/hm3_munged_info_0_8_maf_0_1/OCD.sumstats.gz ~/GENIE_GSEM/data/gwas_sumstats/munged/hm3_munged_info_0_8_maf_0_1/PTSD.sumstats.gz ~/GENIE_GSEM/data/gwas_sumstats/munged/hm3_munged_info_0_8_maf_0_1/BMI_Childhood.sumstats.gz ~/GENIE_GSEM/data/gwas_sumstats/munged/hm3_munged_info_0_8_maf_0_1/BFP.sumstats.gz ~/GENIE_GSEM/data/gwas_sumstats/munged/hm3_munged_info_0_8_maf_0_1/Age_Menarche_Eur.sumstats.gz ~/GENIE_GSEM/data/gwas_sumstats/munged/hm3_munged_info_0_8_maf_0_1/Tanner_StageMidAdol.sumstats.gz ~/GENIE_GSEM/data/gwas_sumstats/munged/hm3_munged_info_0_8_maf_0_1/BE_noAN.sumstats.gz) began at: 2025-10-05 20:21:51.401045
Reading in LD scores
Read in summary statistics [1/13] from: ~/GENIE_GSEM/data/gwas_sumstats/munged/hm3_munged_info_0_8_maf_0_1/FFM.sumstats.gz
Out of 1213084 SNPs, 1181043 remain after merging with LD-score files
Removing 81 SNPs with Chi^2 > 337.949; 1180962 remain
Read in summary statistics [2/13] from: ~/GENIE_GSEM/data/gwas_sumstats/munged/hm3_munged_info_0_8_maf_0_1/Insulin_Eur.sumstats.gz
Out of 944909 SNPs, 944909 remain after merging with LD-score files
Removing 0 SNPs with Chi^2 > 200.622; 944909 remain
Read in summary statistics [3/13] from: ~/GENIE_GSEM/data/gwas_sumstats/munged/hm3_munged_info_0_8_maf_0_1/AN.sumstats.gz
Out of 1080090 SNPs, 1074829 remain after merging with LD-score files
Removing 0 SNPs with Chi^2 > 80; 1074829 remain
Read in summary statistics [4/13] from: ~/GENIE_GSEM/data/gwas_sumstats/munged/hm3_munged_info_0_8_maf_0_1/ANX.sumstats.gz
Out of 1102788 SNPs, 1100031 remain after merging with LD-score files
Removing 0 SNPs with Chi^2 > 80; 1100031 remain
Read in summary statistics [5/13] from: ~/GENIE_GSEM/data/gwas_sumstats/munged/hm3_munged_info_0_8_maf_0_1/BMI.sumstats.gz
Out of 1213773 SNPs, 1182010 remain after merging with LD-score files
Removing 45 SNPs with Chi^2 > 694.649; 1181965 remain
Read in summary statistics [6/13] from: ~/GENIE_GSEM/data/gwas_sumstats/munged/hm3_munged_info_0_8_maf_0_1/MDD_Eur.sumstats.gz
Out of 1111326 SNPs, 1105142 remain after merging with LD-score files
Removing 0 SNPs with Chi^2 > 1152.65046; 1105142 remain
Read in summary statistics [7/13] from: ~/GENIE_GSEM/data/gwas_sumstats/munged/hm3_munged_info_0_8_maf_0_1/OCD.sumstats.gz
Out of 1157537 SNPs, 1148286 remain after merging with LD-score files
Removing 0 SNPs with Chi^2 > 80; 1148286 remain
Read in summary statistics [8/13] from: ~/GENIE_GSEM/data/gwas_sumstats/munged/hm3_munged_info_0_8_maf_0_1/PTSD.sumstats.gz
Out of 1079927 SNPs, 1075609 remain after merging with LD-score files
Removing 0 SNPs with Chi^2 > 460.805; 1075609 remain
Read in summary statistics [9/13] from: ~/GENIE_GSEM/data/gwas_sumstats/munged/hm3_munged_info_0_8_maf_0_1/BMI_Childhood.sumstats.gz
Out of 1185677 SNPs, 1178754 remain after merging with LD-score files
Removing 30 SNPs with Chi^2 > 80; 1178724 remain
Read in summary statistics [10/13] from: ~/GENIE_GSEM/data/gwas_sumstats/munged/hm3_munged_info_0_8_maf_0_1/BFP.sumstats.gz
Out of 1162142 SNPs, 1156167 remain after merging with LD-score files
Removing 12 SNPs with Chi^2 > 174.488; 1156155 remain
Read in summary statistics [11/13] from: ~/GENIE_GSEM/data/gwas_sumstats/munged/hm3_munged_info_0_8_maf_0_1/Age_Menarche_Eur.sumstats.gz
Out of 1183424 SNPs, 1176576 remain after merging with LD-score files
Removing 48 SNPs with Chi^2 > 279.47; 1176528 remain
Read in summary statistics [12/13] from: ~/GENIE_GSEM/data/gwas_sumstats/munged/hm3_munged_info_0_8_maf_0_1/Tanner_StageMidAdol.sumstats.gz
Out of 972856 SNPs, 970554 remain after merging with LD-score files
Removing 0 SNPs with Chi^2 > 80; 970554 remain
Read in summary statistics [13/13] from: ~/GENIE_GSEM/data/gwas_sumstats/munged/hm3_munged_info_0_8_maf_0_1/BE_noAN.sumstats.gz
Out of 1002234 SNPs, 997207 remain after merging with LD-score files
Removing 0 SNPs with Chi^2 > 107.7741; 997207 remain
          
Estimating heritability [1/91] for: ~/GENIE_GSEM/data/gwas_sumstats/munged/hm3_munged_info_0_8_maf_0_1/FFM.sumstats.gz
Heritability Results for trait: ~/GENIE_GSEM/data/gwas_sumstats/munged/hm3_munged_info_0_8_maf_0_1/FFM.sumstats.gz
Mean Chi^2 across remaining SNPs: 3.0287
Lambda GC: 2.155
Intercept: 1.1243 (0.0258)
Ratio: 0.0613 (0.0127)
Total Observed Scale h2: 0.2848 (0.0107)
h2 Z: 26.6
     
Calculating genetic covariance [2/91] for traits: ~/GENIE_GSEM/data/gwas_sumstats/munged/hm3_munged_info_0_8_maf_0_1/FFM.sumstats.gz and ~/GENIE_GSEM/data/gwas_sumstats/munged/hm3_munged_info_0_8_maf_0_1/Insulin_Eur.sumstats.gz
942297 SNPs remain after merging ~/GENIE_GSEM/data/gwas_sumstats/munged/hm3_munged_info_0_8_maf_0_1/FFM.sumstats.gz and ~/GENIE_GSEM/data/gwas_sumstats/munged/hm3_munged_info_0_8_maf_0_1/Insulin_Eur.sumstats.gz summary statistics
Results for genetic covariance between: ~/GENIE_GSEM/data/gwas_sumstats/munged/hm3_munged_info_0_8_maf_0_1/FFM.sumstats.gz and ~/GENIE_GSEM/data/gwas_sumstats/munged/hm3_munged_info_0_8_maf_0_1/Insulin_Eur.sumstats.gz
Mean Z*Z: -0.0864
Cross trait Intercept: -0.0018 (0.0088)
Total Observed Scale Genetic Covariance (g_cov): -0.0165 (0.0042)
g_cov Z: -3.93
g_cov P-value: 8.5352e-05
     
Calculating genetic covariance [3/91] for traits: ~/GENIE_GSEM/data/gwas_sumstats/munged/hm3_munged_info_0_8_maf_0_1/FFM.sumstats.gz and ~/GENIE_GSEM/data/gwas_sumstats/munged/hm3_munged_info_0_8_maf_0_1/AN.sumstats.gz
1073292 SNPs remain after merging ~/GENIE_GSEM/data/gwas_sumstats/munged/hm3_munged_info_0_8_maf_0_1/FFM.sumstats.gz and ~/GENIE_GSEM/data/gwas_sumstats/munged/hm3_munged_info_0_8_maf_0_1/AN.sumstats.gz summary statistics
Results for genetic covariance between: ~/GENIE_GSEM/data/gwas_sumstats/munged/hm3_munged_info_0_8_maf_0_1/FFM.sumstats.gz and ~/GENIE_GSEM/data/gwas_sumstats/munged/hm3_munged_info_0_8_maf_0_1/AN.sumstats.gz
Mean Z*Z: -0.1163
Cross trait Intercept: 0.001 (0.0081)
Total Observed Scale Genetic Covariance (g_cov): -0.038 (0.0056)
g_cov Z: -6.75
g_cov P-value: 1.4999e-11
     
Calculating genetic covariance [4/91] for traits: ~/GENIE_GSEM/data/gwas_sumstats/munged/hm3_munged_info_0_8_maf_0_1/FFM.sumstats.gz and ~/GENIE_GSEM/data/gwas_sumstats/munged/hm3_munged_info_0_8_maf_0_1/ANX.sumstats.gz
1096893 SNPs remain after merging ~/GENIE_GSEM/data/gwas_sumstats/munged/hm3_munged_info_0_8_maf_0_1/FFM.sumstats.gz and ~/GENIE_GSEM/data/gwas_sumstats/munged/hm3_munged_info_0_8_maf_0_1/ANX.sumstats.gz summary statistics
Results for genetic covariance between: ~/GENIE_GSEM/data/gwas_sumstats/munged/hm3_munged_info_0_8_maf_0_1/FFM.sumstats.gz and ~/GENIE_GSEM/data/gwas_sumstats/munged/hm3_munged_info_0_8_maf_0_1/ANX.sumstats.gz
Mean Z*Z: 0.0036
Cross trait Intercept: -0.0029 (0.0084)
Total Observed Scale Genetic Covariance (g_cov): 0.0064 (0.0132)
g_cov Z: 0.484
g_cov P-value: 0.62824
     
Calculating genetic covariance [5/91] for traits: ~/GENIE_GSEM/data/gwas_sumstats/munged/hm3_munged_info_0_8_maf_0_1/FFM.sumstats.gz and ~/GENIE_GSEM/data/gwas_sumstats/munged/hm3_munged_info_0_8_maf_0_1/BMI.sumstats.gz
1178829 SNPs remain after merging ~/GENIE_GSEM/data/gwas_sumstats/munged/hm3_munged_info_0_8_maf_0_1/FFM.sumstats.gz and ~/GENIE_GSEM/data/gwas_sumstats/munged/hm3_munged_info_0_8_maf_0_1/BMI.sumstats.gz summary statistics
Results for genetic covariance between: ~/GENIE_GSEM/data/gwas_sumstats/munged/hm3_munged_info_0_8_maf_0_1/FFM.sumstats.gz and ~/GENIE_GSEM/data/gwas_sumstats/munged/hm3_munged_info_0_8_maf_0_1/BMI.sumstats.gz
Mean Z*Z: 1.8079
Cross trait Intercept: 0.4846 (0.0142)
Total Observed Scale Genetic Covariance (g_cov): 0.1405 (0.0056)
g_cov Z: 25.2
g_cov P-value: 8.0796e-140
     
Calculating genetic covariance [6/91] for traits: ~/GENIE_GSEM/data/gwas_sumstats/munged/hm3_munged_info_0_8_maf_0_1/FFM.sumstats.gz and ~/GENIE_GSEM/data/gwas_sumstats/munged/hm3_munged_info_0_8_maf_0_1/MDD_Eur.sumstats.gz
1102466 SNPs remain after merging ~/GENIE_GSEM/data/gwas_sumstats/munged/hm3_munged_info_0_8_maf_0_1/FFM.sumstats.gz and ~/GENIE_GSEM/data/gwas_sumstats/munged/hm3_munged_info_0_8_maf_0_1/MDD_Eur.sumstats.gz summary statistics
Results for genetic covariance between: ~/GENIE_GSEM/data/gwas_sumstats/munged/hm3_munged_info_0_8_maf_0_1/FFM.sumstats.gz and ~/GENIE_GSEM/data/gwas_sumstats/munged/hm3_munged_info_0_8_maf_0_1/MDD_Eur.sumstats.gz
Mean Z*Z: 0.0717
Cross trait Intercept: 0.0127 (0.0095)
Total Observed Scale Genetic Covariance (g_cov): 0.0058 (0.0019)
g_cov Z: 3
g_cov P-value: 0.0027061
     
Calculating genetic covariance [7/91] for traits: ~/GENIE_GSEM/data/gwas_sumstats/munged/hm3_munged_info_0_8_maf_0_1/FFM.sumstats.gz and ~/GENIE_GSEM/data/gwas_sumstats/munged/hm3_munged_info_0_8_maf_0_1/OCD.sumstats.gz
1145223 SNPs remain after merging ~/GENIE_GSEM/data/gwas_sumstats/munged/hm3_munged_info_0_8_maf_0_1/FFM.sumstats.gz and ~/GENIE_GSEM/data/gwas_sumstats/munged/hm3_munged_info_0_8_maf_0_1/OCD.sumstats.gz summary statistics
Results for genetic covariance between: ~/GENIE_GSEM/data/gwas_sumstats/munged/hm3_munged_info_0_8_maf_0_1/FFM.sumstats.gz and ~/GENIE_GSEM/data/gwas_sumstats/munged/hm3_munged_info_0_8_maf_0_1/OCD.sumstats.gz
Mean Z*Z: -0.035
Cross trait Intercept: -0.0016 (0.0076)
Total Observed Scale Genetic Covariance (g_cov): -0.0357 (0.0143)
g_cov Z: -2.5
g_cov P-value: 0.012449
     
Calculating genetic covariance [8/91] for traits: ~/GENIE_GSEM/data/gwas_sumstats/munged/hm3_munged_info_0_8_maf_0_1/FFM.sumstats.gz and ~/GENIE_GSEM/data/gwas_sumstats/munged/hm3_munged_info_0_8_maf_0_1/PTSD.sumstats.gz
1072988 SNPs remain after merging ~/GENIE_GSEM/data/gwas_sumstats/munged/hm3_munged_info_0_8_maf_0_1/FFM.sumstats.gz and ~/GENIE_GSEM/data/gwas_sumstats/munged/hm3_munged_info_0_8_maf_0_1/PTSD.sumstats.gz summary statistics
Results for genetic covariance between: ~/GENIE_GSEM/data/gwas_sumstats/munged/hm3_munged_info_0_8_maf_0_1/FFM.sumstats.gz and ~/GENIE_GSEM/data/gwas_sumstats/munged/hm3_munged_info_0_8_maf_0_1/PTSD.sumstats.gz
Mean Z*Z: 0.0639
Cross trait Intercept: 0.0142 (0.0078)
Total Observed Scale Genetic Covariance (g_cov): 0.0072 (0.0025)
g_cov Z: 2.89
g_cov P-value: 0.0037975
     
Calculating genetic covariance [9/91] for traits: ~/GENIE_GSEM/data/gwas_sumstats/munged/hm3_munged_info_0_8_maf_0_1/FFM.sumstats.gz and ~/GENIE_GSEM/data/gwas_sumstats/munged/hm3_munged_info_0_8_maf_0_1/BMI_Childhood.sumstats.gz
1175338 SNPs remain after merging ~/GENIE_GSEM/data/gwas_sumstats/munged/hm3_munged_info_0_8_maf_0_1/FFM.sumstats.gz and ~/GENIE_GSEM/data/gwas_sumstats/munged/hm3_munged_info_0_8_maf_0_1/BMI_Childhood.sumstats.gz summary statistics
Results for genetic covariance between: ~/GENIE_GSEM/data/gwas_sumstats/munged/hm3_munged_info_0_8_maf_0_1/FFM.sumstats.gz and ~/GENIE_GSEM/data/gwas_sumstats/munged/hm3_munged_info_0_8_maf_0_1/BMI_Childhood.sumstats.gz
Mean Z*Z: 0.2525
Cross trait Intercept: 0.0082 (0.0082)
Total Observed Scale Genetic Covariance (g_cov): 0.1093 (0.008)
g_cov Z: 13.7
g_cov P-value: 1.5425e-42
     
Calculating genetic covariance [10/91] for traits: ~/GENIE_GSEM/data/gwas_sumstats/munged/hm3_munged_info_0_8_maf_0_1/FFM.sumstats.gz and ~/GENIE_GSEM/data/gwas_sumstats/munged/hm3_munged_info_0_8_maf_0_1/BFP.sumstats.gz
1156087 SNPs remain after merging ~/GENIE_GSEM/data/gwas_sumstats/munged/hm3_munged_info_0_8_maf_0_1/FFM.sumstats.gz and ~/GENIE_GSEM/data/gwas_sumstats/munged/hm3_munged_info_0_8_maf_0_1/BFP.sumstats.gz summary statistics
Results for genetic covariance between: ~/GENIE_GSEM/data/gwas_sumstats/munged/hm3_munged_info_0_8_maf_0_1/FFM.sumstats.gz and ~/GENIE_GSEM/data/gwas_sumstats/munged/hm3_munged_info_0_8_maf_0_1/BFP.sumstats.gz
Mean Z*Z: 0.659
Cross trait Intercept: 0.2429 (0.0093)
Total Observed Scale Genetic Covariance (g_cov): 0.0918 (0.0058)
g_cov Z: 15.9
g_cov P-value: 3.6628e-57
     
Calculating genetic covariance [11/91] for traits: ~/GENIE_GSEM/data/gwas_sumstats/munged/hm3_munged_info_0_8_maf_0_1/FFM.sumstats.gz and ~/GENIE_GSEM/data/gwas_sumstats/munged/hm3_munged_info_0_8_maf_0_1/Age_Menarche_Eur.sumstats.gz
1173375 SNPs remain after merging ~/GENIE_GSEM/data/gwas_sumstats/munged/hm3_munged_info_0_8_maf_0_1/FFM.sumstats.gz and ~/GENIE_GSEM/data/gwas_sumstats/munged/hm3_munged_info_0_8_maf_0_1/Age_Menarche_Eur.sumstats.gz summary statistics
Results for genetic covariance between: ~/GENIE_GSEM/data/gwas_sumstats/munged/hm3_munged_info_0_8_maf_0_1/FFM.sumstats.gz and ~/GENIE_GSEM/data/gwas_sumstats/munged/hm3_munged_info_0_8_maf_0_1/Age_Menarche_Eur.sumstats.gz
Mean Z*Z: -0.2641
Cross trait Intercept: -0.0393 (0.0101)
Total Observed Scale Genetic Covariance (g_cov): -0.039 (0.0048)
g_cov Z: -8.18
g_cov P-value: 2.78e-16
     
Calculating genetic covariance [12/91] for traits: ~/GENIE_GSEM/data/gwas_sumstats/munged/hm3_munged_info_0_8_maf_0_1/FFM.sumstats.gz and ~/GENIE_GSEM/data/gwas_sumstats/munged/hm3_munged_info_0_8_maf_0_1/Tanner_StageMidAdol.sumstats.gz
968287 SNPs remain after merging ~/GENIE_GSEM/data/gwas_sumstats/munged/hm3_munged_info_0_8_maf_0_1/FFM.sumstats.gz and ~/GENIE_GSEM/data/gwas_sumstats/munged/hm3_munged_info_0_8_maf_0_1/Tanner_StageMidAdol.sumstats.gz summary statistics
Results for genetic covariance between: ~/GENIE_GSEM/data/gwas_sumstats/munged/hm3_munged_info_0_8_maf_0_1/FFM.sumstats.gz and ~/GENIE_GSEM/data/gwas_sumstats/munged/hm3_munged_info_0_8_maf_0_1/Tanner_StageMidAdol.sumstats.gz
Mean Z*Z: 0.0573
Cross trait Intercept: 0.0092 (0.0084)
Total Observed Scale Genetic Covariance (g_cov): 0.0407 (0.0135)
g_cov Z: 3.01
g_cov P-value: 0.0026376
     
Calculating genetic covariance [13/91] for traits: ~/GENIE_GSEM/data/gwas_sumstats/munged/hm3_munged_info_0_8_maf_0_1/FFM.sumstats.gz and ~/GENIE_GSEM/data/gwas_sumstats/munged/hm3_munged_info_0_8_maf_0_1/BE_noAN.sumstats.gz
995791 SNPs remain after merging ~/GENIE_GSEM/data/gwas_sumstats/munged/hm3_munged_info_0_8_maf_0_1/FFM.sumstats.gz and ~/GENIE_GSEM/data/gwas_sumstats/munged/hm3_munged_info_0_8_maf_0_1/BE_noAN.sumstats.gz summary statistics
Results for genetic covariance between: ~/GENIE_GSEM/data/gwas_sumstats/munged/hm3_munged_info_0_8_maf_0_1/FFM.sumstats.gz and ~/GENIE_GSEM/data/gwas_sumstats/munged/hm3_munged_info_0_8_maf_0_1/BE_noAN.sumstats.gz
Mean Z*Z: 0.1733
Cross trait Intercept: 0.0053 (0.0088)
Total Observed Scale Genetic Covariance (g_cov): 0.0449 (0.005)
g_cov Z: 9.05
g_cov P-value: 1.4537e-19
          
Estimating heritability [14/91] for: ~/GENIE_GSEM/data/gwas_sumstats/munged/hm3_munged_info_0_8_maf_0_1/Insulin_Eur.sumstats.gz
Heritability Results for trait: ~/GENIE_GSEM/data/gwas_sumstats/munged/hm3_munged_info_0_8_maf_0_1/Insulin_Eur.sumstats.gz
Mean Chi^2 across remaining SNPs: 1.2133
Lambda GC: 1.1505
Intercept: 0.9745 (0.0108)
Ratio: -0.1194 (0.0507)
Total Observed Scale h2: 0.0611 (0.0065)
h2 Z: 9.45
     
Calculating genetic covariance [15/91] for traits: ~/GENIE_GSEM/data/gwas_sumstats/munged/hm3_munged_info_0_8_maf_0_1/Insulin_Eur.sumstats.gz and ~/GENIE_GSEM/data/gwas_sumstats/munged/hm3_munged_info_0_8_maf_0_1/AN.sumstats.gz
857876 SNPs remain after merging ~/GENIE_GSEM/data/gwas_sumstats/munged/hm3_munged_info_0_8_maf_0_1/Insulin_Eur.sumstats.gz and ~/GENIE_GSEM/data/gwas_sumstats/munged/hm3_munged_info_0_8_maf_0_1/AN.sumstats.gz summary statistics
Results for genetic covariance between: ~/GENIE_GSEM/data/gwas_sumstats/munged/hm3_munged_info_0_8_maf_0_1/Insulin_Eur.sumstats.gz and ~/GENIE_GSEM/data/gwas_sumstats/munged/hm3_munged_info_0_8_maf_0_1/AN.sumstats.gz
Mean Z*Z: -0.0383
Cross trait Intercept: 0.0108 (0.0054)
Total Observed Scale Genetic Covariance (g_cov): -0.0209 (0.0045)
g_cov Z: -4.65
g_cov P-value: 3.2967e-06
     
Calculating genetic covariance [16/91] for traits: ~/GENIE_GSEM/data/gwas_sumstats/munged/hm3_munged_info_0_8_maf_0_1/Insulin_Eur.sumstats.gz and ~/GENIE_GSEM/data/gwas_sumstats/munged/hm3_munged_info_0_8_maf_0_1/ANX.sumstats.gz
876990 SNPs remain after merging ~/GENIE_GSEM/data/gwas_sumstats/munged/hm3_munged_info_0_8_maf_0_1/Insulin_Eur.sumstats.gz and ~/GENIE_GSEM/data/gwas_sumstats/munged/hm3_munged_info_0_8_maf_0_1/ANX.sumstats.gz summary statistics
Results for genetic covariance between: ~/GENIE_GSEM/data/gwas_sumstats/munged/hm3_munged_info_0_8_maf_0_1/Insulin_Eur.sumstats.gz and ~/GENIE_GSEM/data/gwas_sumstats/munged/hm3_munged_info_0_8_maf_0_1/ANX.sumstats.gz
Mean Z*Z: 0.026
Cross trait Intercept: 0.0136 (0.0056)
Total Observed Scale Genetic Covariance (g_cov): 0.0142 (0.0108)
g_cov Z: 1.31
g_cov P-value: 0.18881
     
Calculating genetic covariance [17/91] for traits: ~/GENIE_GSEM/data/gwas_sumstats/munged/hm3_munged_info_0_8_maf_0_1/Insulin_Eur.sumstats.gz and ~/GENIE_GSEM/data/gwas_sumstats/munged/hm3_munged_info_0_8_maf_0_1/BMI.sumstats.gz
943038 SNPs remain after merging ~/GENIE_GSEM/data/gwas_sumstats/munged/hm3_munged_info_0_8_maf_0_1/Insulin_Eur.sumstats.gz and ~/GENIE_GSEM/data/gwas_sumstats/munged/hm3_munged_info_0_8_maf_0_1/BMI.sumstats.gz summary statistics
Results for genetic covariance between: ~/GENIE_GSEM/data/gwas_sumstats/munged/hm3_munged_info_0_8_maf_0_1/Insulin_Eur.sumstats.gz and ~/GENIE_GSEM/data/gwas_sumstats/munged/hm3_munged_info_0_8_maf_0_1/BMI.sumstats.gz
Mean Z*Z: -0.1078
Cross trait Intercept: -0.0093 (0.0076)
Total Observed Scale Genetic Covariance (g_cov): -0.0132 (0.003)
g_cov Z: -4.34
g_cov P-value: 1.419e-05
     
Calculating genetic covariance [18/91] for traits: ~/GENIE_GSEM/data/gwas_sumstats/munged/hm3_munged_info_0_8_maf_0_1/Insulin_Eur.sumstats.gz and ~/GENIE_GSEM/data/gwas_sumstats/munged/hm3_munged_info_0_8_maf_0_1/MDD_Eur.sumstats.gz
880687 SNPs remain after merging ~/GENIE_GSEM/data/gwas_sumstats/munged/hm3_munged_info_0_8_maf_0_1/Insulin_Eur.sumstats.gz and ~/GENIE_GSEM/data/gwas_sumstats/munged/hm3_munged_info_0_8_maf_0_1/MDD_Eur.sumstats.gz summary statistics
Results for genetic covariance between: ~/GENIE_GSEM/data/gwas_sumstats/munged/hm3_munged_info_0_8_maf_0_1/Insulin_Eur.sumstats.gz and ~/GENIE_GSEM/data/gwas_sumstats/munged/hm3_munged_info_0_8_maf_0_1/MDD_Eur.sumstats.gz
Mean Z*Z: 0.0321
Cross trait Intercept: -0.0096 (0.007)
Total Observed Scale Genetic Covariance (g_cov): 0.0042 (0.0016)
g_cov Z: 2.68
g_cov P-value: 0.0073246
     
Calculating genetic covariance [19/91] for traits: ~/GENIE_GSEM/data/gwas_sumstats/munged/hm3_munged_info_0_8_maf_0_1/Insulin_Eur.sumstats.gz and ~/GENIE_GSEM/data/gwas_sumstats/munged/hm3_munged_info_0_8_maf_0_1/OCD.sumstats.gz
915289 SNPs remain after merging ~/GENIE_GSEM/data/gwas_sumstats/munged/hm3_munged_info_0_8_maf_0_1/Insulin_Eur.sumstats.gz and ~/GENIE_GSEM/data/gwas_sumstats/munged/hm3_munged_info_0_8_maf_0_1/OCD.sumstats.gz summary statistics
Results for genetic covariance between: ~/GENIE_GSEM/data/gwas_sumstats/munged/hm3_munged_info_0_8_maf_0_1/Insulin_Eur.sumstats.gz and ~/GENIE_GSEM/data/gwas_sumstats/munged/hm3_munged_info_0_8_maf_0_1/OCD.sumstats.gz
Mean Z*Z: 0.0012
Cross trait Intercept: -0.001 (0.0054)
Total Observed Scale Genetic Covariance (g_cov): 0.0027 (0.0106)
g_cov Z: 0.254
g_cov P-value: 0.79934
     
Calculating genetic covariance [20/91] for traits: ~/GENIE_GSEM/data/gwas_sumstats/munged/hm3_munged_info_0_8_maf_0_1/Insulin_Eur.sumstats.gz and ~/GENIE_GSEM/data/gwas_sumstats/munged/hm3_munged_info_0_8_maf_0_1/PTSD.sumstats.gz
858386 SNPs remain after merging ~/GENIE_GSEM/data/gwas_sumstats/munged/hm3_munged_info_0_8_maf_0_1/Insulin_Eur.sumstats.gz and ~/GENIE_GSEM/data/gwas_sumstats/munged/hm3_munged_info_0_8_maf_0_1/PTSD.sumstats.gz summary statistics
Results for genetic covariance between: ~/GENIE_GSEM/data/gwas_sumstats/munged/hm3_munged_info_0_8_maf_0_1/Insulin_Eur.sumstats.gz and ~/GENIE_GSEM/data/gwas_sumstats/munged/hm3_munged_info_0_8_maf_0_1/PTSD.sumstats.gz
Mean Z*Z: 0.0178
Cross trait Intercept: -0.0031 (0.0065)
Total Observed Scale Genetic Covariance (g_cov): 0.0034 (0.0021)
g_cov Z: 1.62
g_cov P-value: 0.10578
     
Calculating genetic covariance [21/91] for traits: ~/GENIE_GSEM/data/gwas_sumstats/munged/hm3_munged_info_0_8_maf_0_1/Insulin_Eur.sumstats.gz and ~/GENIE_GSEM/data/gwas_sumstats/munged/hm3_munged_info_0_8_maf_0_1/BMI_Childhood.sumstats.gz
940291 SNPs remain after merging ~/GENIE_GSEM/data/gwas_sumstats/munged/hm3_munged_info_0_8_maf_0_1/Insulin_Eur.sumstats.gz and ~/GENIE_GSEM/data/gwas_sumstats/munged/hm3_munged_info_0_8_maf_0_1/BMI_Childhood.sumstats.gz summary statistics
Results for genetic covariance between: ~/GENIE_GSEM/data/gwas_sumstats/munged/hm3_munged_info_0_8_maf_0_1/Insulin_Eur.sumstats.gz and ~/GENIE_GSEM/data/gwas_sumstats/munged/hm3_munged_info_0_8_maf_0_1/BMI_Childhood.sumstats.gz
Mean Z*Z: -0.0777
Cross trait Intercept: -0.0206 (0.0055)
Total Observed Scale Genetic Covariance (g_cov): -0.0343 (0.0058)
g_cov Z: -5.96
g_cov P-value: 2.4961e-09
     
Calculating genetic covariance [22/91] for traits: ~/GENIE_GSEM/data/gwas_sumstats/munged/hm3_munged_info_0_8_maf_0_1/Insulin_Eur.sumstats.gz and ~/GENIE_GSEM/data/gwas_sumstats/munged/hm3_munged_info_0_8_maf_0_1/BFP.sumstats.gz
922857 SNPs remain after merging ~/GENIE_GSEM/data/gwas_sumstats/munged/hm3_munged_info_0_8_maf_0_1/Insulin_Eur.sumstats.gz and ~/GENIE_GSEM/data/gwas_sumstats/munged/hm3_munged_info_0_8_maf_0_1/BFP.sumstats.gz summary statistics
Results for genetic covariance between: ~/GENIE_GSEM/data/gwas_sumstats/munged/hm3_munged_info_0_8_maf_0_1/Insulin_Eur.sumstats.gz and ~/GENIE_GSEM/data/gwas_sumstats/munged/hm3_munged_info_0_8_maf_0_1/BFP.sumstats.gz
Mean Z*Z: 0.0093
Cross trait Intercept: -0.0117 (0.007)
Total Observed Scale Genetic Covariance (g_cov): 0.0054 (0.0045)
g_cov Z: 1.21
g_cov P-value: 0.22649
     
Calculating genetic covariance [23/91] for traits: ~/GENIE_GSEM/data/gwas_sumstats/munged/hm3_munged_info_0_8_maf_0_1/Insulin_Eur.sumstats.gz and ~/GENIE_GSEM/data/gwas_sumstats/munged/hm3_munged_info_0_8_maf_0_1/Age_Menarche_Eur.sumstats.gz
938655 SNPs remain after merging ~/GENIE_GSEM/data/gwas_sumstats/munged/hm3_munged_info_0_8_maf_0_1/Insulin_Eur.sumstats.gz and ~/GENIE_GSEM/data/gwas_sumstats/munged/hm3_munged_info_0_8_maf_0_1/Age_Menarche_Eur.sumstats.gz summary statistics
Results for genetic covariance between: ~/GENIE_GSEM/data/gwas_sumstats/munged/hm3_munged_info_0_8_maf_0_1/Insulin_Eur.sumstats.gz and ~/GENIE_GSEM/data/gwas_sumstats/munged/hm3_munged_info_0_8_maf_0_1/Age_Menarche_Eur.sumstats.gz
Mean Z*Z: 0.0173
Cross trait Intercept: -0.0064 (0.0068)
Total Observed Scale Genetic Covariance (g_cov): 0.0033 (0.0034)
g_cov Z: 0.98
g_cov P-value: 0.32694
     
Calculating genetic covariance [24/91] for traits: ~/GENIE_GSEM/data/gwas_sumstats/munged/hm3_munged_info_0_8_maf_0_1/Insulin_Eur.sumstats.gz and ~/GENIE_GSEM/data/gwas_sumstats/munged/hm3_munged_info_0_8_maf_0_1/Tanner_StageMidAdol.sumstats.gz
772495 SNPs remain after merging ~/GENIE_GSEM/data/gwas_sumstats/munged/hm3_munged_info_0_8_maf_0_1/Insulin_Eur.sumstats.gz and ~/GENIE_GSEM/data/gwas_sumstats/munged/hm3_munged_info_0_8_maf_0_1/Tanner_StageMidAdol.sumstats.gz summary statistics
Results for genetic covariance between: ~/GENIE_GSEM/data/gwas_sumstats/munged/hm3_munged_info_0_8_maf_0_1/Insulin_Eur.sumstats.gz and ~/GENIE_GSEM/data/gwas_sumstats/munged/hm3_munged_info_0_8_maf_0_1/Tanner_StageMidAdol.sumstats.gz
Mean Z*Z: -0.0021
Cross trait Intercept: -0.0066 (0.0065)
Total Observed Scale Genetic Covariance (g_cov): 0.0057 (0.0103)
g_cov Z: 0.554
g_cov P-value: 0.57941
     
Calculating genetic covariance [25/91] for traits: ~/GENIE_GSEM/data/gwas_sumstats/munged/hm3_munged_info_0_8_maf_0_1/Insulin_Eur.sumstats.gz and ~/GENIE_GSEM/data/gwas_sumstats/munged/hm3_munged_info_0_8_maf_0_1/BE_noAN.sumstats.gz
794297 SNPs remain after merging ~/GENIE_GSEM/data/gwas_sumstats/munged/hm3_munged_info_0_8_maf_0_1/Insulin_Eur.sumstats.gz and ~/GENIE_GSEM/data/gwas_sumstats/munged/hm3_munged_info_0_8_maf_0_1/BE_noAN.sumstats.gz summary statistics
Results for genetic covariance between: ~/GENIE_GSEM/data/gwas_sumstats/munged/hm3_munged_info_0_8_maf_0_1/Insulin_Eur.sumstats.gz and ~/GENIE_GSEM/data/gwas_sumstats/munged/hm3_munged_info_0_8_maf_0_1/BE_noAN.sumstats.gz
Mean Z*Z: -0.0396
Cross trait Intercept: -0.0011 (0.0063)
Total Observed Scale Genetic Covariance (g_cov): -0.0134 (0.0036)
g_cov Z: -3.71
g_cov P-value: 0.0002082
          
Estimating heritability [26/91] for: ~/GENIE_GSEM/data/gwas_sumstats/munged/hm3_munged_info_0_8_maf_0_1/AN.sumstats.gz
     
Please note that the results initially printed to the screen and log file reflect the NON-liability h2 and cov_g. However, a liability conversion is being used for trait ~/GENIE_GSEM/data/gwas_sumstats/munged/hm3_munged_info_0_8_maf_0_1/AN.sumstats.gz when creating the genetic covariance matrix used as input for Genomic SEM and liability scale results are printed at the end of the log file.
     
Heritability Results for trait: ~/GENIE_GSEM/data/gwas_sumstats/munged/hm3_munged_info_0_8_maf_0_1/AN.sumstats.gz
Mean Chi^2 across remaining SNPs: 1.3162
Lambda GC: 1.261
Intercept: 1.0206 (0.0083)
Ratio: 0.0652 (0.0264)
Total Observed Scale h2: 0.2129 (0.0123)
h2 Z: 17.3
     
Calculating genetic covariance [27/91] for traits: ~/GENIE_GSEM/data/gwas_sumstats/munged/hm3_munged_info_0_8_maf_0_1/AN.sumstats.gz and ~/GENIE_GSEM/data/gwas_sumstats/munged/hm3_munged_info_0_8_maf_0_1/ANX.sumstats.gz
1005274 SNPs remain after merging ~/GENIE_GSEM/data/gwas_sumstats/munged/hm3_munged_info_0_8_maf_0_1/AN.sumstats.gz and ~/GENIE_GSEM/data/gwas_sumstats/munged/hm3_munged_info_0_8_maf_0_1/ANX.sumstats.gz summary statistics
Results for genetic covariance between: ~/GENIE_GSEM/data/gwas_sumstats/munged/hm3_munged_info_0_8_maf_0_1/AN.sumstats.gz and ~/GENIE_GSEM/data/gwas_sumstats/munged/hm3_munged_info_0_8_maf_0_1/ANX.sumstats.gz
Mean Z*Z: 0.0328
Cross trait Intercept: 0.0068 (0.0057)
Total Observed Scale Genetic Covariance (g_cov): 0.0492 (0.0174)
g_cov Z: 2.83
g_cov P-value: 0.0046025
     
Calculating genetic covariance [28/91] for traits: ~/GENIE_GSEM/data/gwas_sumstats/munged/hm3_munged_info_0_8_maf_0_1/AN.sumstats.gz and ~/GENIE_GSEM/data/gwas_sumstats/munged/hm3_munged_info_0_8_maf_0_1/BMI.sumstats.gz
1073709 SNPs remain after merging ~/GENIE_GSEM/data/gwas_sumstats/munged/hm3_munged_info_0_8_maf_0_1/AN.sumstats.gz and ~/GENIE_GSEM/data/gwas_sumstats/munged/hm3_munged_info_0_8_maf_0_1/BMI.sumstats.gz summary statistics
Results for genetic covariance between: ~/GENIE_GSEM/data/gwas_sumstats/munged/hm3_munged_info_0_8_maf_0_1/AN.sumstats.gz and ~/GENIE_GSEM/data/gwas_sumstats/munged/hm3_munged_info_0_8_maf_0_1/BMI.sumstats.gz
Mean Z*Z: -0.2764
Cross trait Intercept: 0.0017 (0.0078)
Total Observed Scale Genetic Covariance (g_cov): -0.0652 (0.0046)
g_cov Z: -14.2
g_cov P-value: 1.3541e-45
     
Calculating genetic covariance [29/91] for traits: ~/GENIE_GSEM/data/gwas_sumstats/munged/hm3_munged_info_0_8_maf_0_1/AN.sumstats.gz and ~/GENIE_GSEM/data/gwas_sumstats/munged/hm3_munged_info_0_8_maf_0_1/MDD_Eur.sumstats.gz
1019452 SNPs remain after merging ~/GENIE_GSEM/data/gwas_sumstats/munged/hm3_munged_info_0_8_maf_0_1/AN.sumstats.gz and ~/GENIE_GSEM/data/gwas_sumstats/munged/hm3_munged_info_0_8_maf_0_1/MDD_Eur.sumstats.gz summary statistics
Results for genetic covariance between: ~/GENIE_GSEM/data/gwas_sumstats/munged/hm3_munged_info_0_8_maf_0_1/AN.sumstats.gz and ~/GENIE_GSEM/data/gwas_sumstats/munged/hm3_munged_info_0_8_maf_0_1/MDD_Eur.sumstats.gz
Mean Z*Z: 0.2602
Cross trait Intercept: 0.0888 (0.0075)
Total Observed Scale Genetic Covariance (g_cov): 0.032 (0.0028)
g_cov Z: 11.5
g_cov P-value: 1.2844e-30
     
Calculating genetic covariance [30/91] for traits: ~/GENIE_GSEM/data/gwas_sumstats/munged/hm3_munged_info_0_8_maf_0_1/AN.sumstats.gz and ~/GENIE_GSEM/data/gwas_sumstats/munged/hm3_munged_info_0_8_maf_0_1/OCD.sumstats.gz
1046677 SNPs remain after merging ~/GENIE_GSEM/data/gwas_sumstats/munged/hm3_munged_info_0_8_maf_0_1/AN.sumstats.gz and ~/GENIE_GSEM/data/gwas_sumstats/munged/hm3_munged_info_0_8_maf_0_1/OCD.sumstats.gz summary statistics
Results for genetic covariance between: ~/GENIE_GSEM/data/gwas_sumstats/munged/hm3_munged_info_0_8_maf_0_1/AN.sumstats.gz and ~/GENIE_GSEM/data/gwas_sumstats/munged/hm3_munged_info_0_8_maf_0_1/OCD.sumstats.gz
Mean Z*Z: 0.0748
Cross trait Intercept: 0.0114 (0.0057)
Total Observed Scale Genetic Covariance (g_cov): 0.1343 (0.02)
g_cov Z: 6.72
g_cov P-value: 1.8429e-11
     
Calculating genetic covariance [31/91] for traits: ~/GENIE_GSEM/data/gwas_sumstats/munged/hm3_munged_info_0_8_maf_0_1/AN.sumstats.gz and ~/GENIE_GSEM/data/gwas_sumstats/munged/hm3_munged_info_0_8_maf_0_1/PTSD.sumstats.gz
993411 SNPs remain after merging ~/GENIE_GSEM/data/gwas_sumstats/munged/hm3_munged_info_0_8_maf_0_1/AN.sumstats.gz and ~/GENIE_GSEM/data/gwas_sumstats/munged/hm3_munged_info_0_8_maf_0_1/PTSD.sumstats.gz summary statistics
Results for genetic covariance between: ~/GENIE_GSEM/data/gwas_sumstats/munged/hm3_munged_info_0_8_maf_0_1/AN.sumstats.gz and ~/GENIE_GSEM/data/gwas_sumstats/munged/hm3_munged_info_0_8_maf_0_1/PTSD.sumstats.gz
Mean Z*Z: 0.1589
Cross trait Intercept: 0.0523 (0.0066)
Total Observed Scale Genetic Covariance (g_cov): 0.0312 (0.0037)
g_cov Z: 8.49
g_cov P-value: 2.0924e-17
     
Calculating genetic covariance [32/91] for traits: ~/GENIE_GSEM/data/gwas_sumstats/munged/hm3_munged_info_0_8_maf_0_1/AN.sumstats.gz and ~/GENIE_GSEM/data/gwas_sumstats/munged/hm3_munged_info_0_8_maf_0_1/BMI_Childhood.sumstats.gz
1074124 SNPs remain after merging ~/GENIE_GSEM/data/gwas_sumstats/munged/hm3_munged_info_0_8_maf_0_1/AN.sumstats.gz and ~/GENIE_GSEM/data/gwas_sumstats/munged/hm3_munged_info_0_8_maf_0_1/BMI_Childhood.sumstats.gz summary statistics
Results for genetic covariance between: ~/GENIE_GSEM/data/gwas_sumstats/munged/hm3_munged_info_0_8_maf_0_1/AN.sumstats.gz and ~/GENIE_GSEM/data/gwas_sumstats/munged/hm3_munged_info_0_8_maf_0_1/BMI_Childhood.sumstats.gz
Mean Z*Z: -0.0056
Cross trait Intercept: 0.0043 (0.0054)
Total Observed Scale Genetic Covariance (g_cov): -0.0119 (0.009)
g_cov Z: -1.32
g_cov P-value: 0.18664
     
Calculating genetic covariance [33/91] for traits: ~/GENIE_GSEM/data/gwas_sumstats/munged/hm3_munged_info_0_8_maf_0_1/AN.sumstats.gz and ~/GENIE_GSEM/data/gwas_sumstats/munged/hm3_munged_info_0_8_maf_0_1/BFP.sumstats.gz
1061727 SNPs remain after merging ~/GENIE_GSEM/data/gwas_sumstats/munged/hm3_munged_info_0_8_maf_0_1/AN.sumstats.gz and ~/GENIE_GSEM/data/gwas_sumstats/munged/hm3_munged_info_0_8_maf_0_1/BFP.sumstats.gz summary statistics
Results for genetic covariance between: ~/GENIE_GSEM/data/gwas_sumstats/munged/hm3_munged_info_0_8_maf_0_1/AN.sumstats.gz and ~/GENIE_GSEM/data/gwas_sumstats/munged/hm3_munged_info_0_8_maf_0_1/BFP.sumstats.gz
Mean Z*Z: -0.1564
Cross trait Intercept: 0.0011 (0.0061)
Total Observed Scale Genetic Covariance (g_cov): -0.0711 (0.0062)
g_cov Z: -11.4
g_cov P-value: 4.0757e-30
     
Calculating genetic covariance [34/91] for traits: ~/GENIE_GSEM/data/gwas_sumstats/munged/hm3_munged_info_0_8_maf_0_1/AN.sumstats.gz and ~/GENIE_GSEM/data/gwas_sumstats/munged/hm3_munged_info_0_8_maf_0_1/Age_Menarche_Eur.sumstats.gz
1073830 SNPs remain after merging ~/GENIE_GSEM/data/gwas_sumstats/munged/hm3_munged_info_0_8_maf_0_1/AN.sumstats.gz and ~/GENIE_GSEM/data/gwas_sumstats/munged/hm3_munged_info_0_8_maf_0_1/Age_Menarche_Eur.sumstats.gz summary statistics
Results for genetic covariance between: ~/GENIE_GSEM/data/gwas_sumstats/munged/hm3_munged_info_0_8_maf_0_1/AN.sumstats.gz and ~/GENIE_GSEM/data/gwas_sumstats/munged/hm3_munged_info_0_8_maf_0_1/Age_Menarche_Eur.sumstats.gz
Mean Z*Z: -0.0108
Cross trait Intercept: 0.004 (0.0072)
Total Observed Scale Genetic Covariance (g_cov): -0.0043 (0.0056)
g_cov Z: -0.765
g_cov P-value: 0.44436
     
Calculating genetic covariance [35/91] for traits: ~/GENIE_GSEM/data/gwas_sumstats/munged/hm3_munged_info_0_8_maf_0_1/AN.sumstats.gz and ~/GENIE_GSEM/data/gwas_sumstats/munged/hm3_munged_info_0_8_maf_0_1/Tanner_StageMidAdol.sumstats.gz
889849 SNPs remain after merging ~/GENIE_GSEM/data/gwas_sumstats/munged/hm3_munged_info_0_8_maf_0_1/AN.sumstats.gz and ~/GENIE_GSEM/data/gwas_sumstats/munged/hm3_munged_info_0_8_maf_0_1/Tanner_StageMidAdol.sumstats.gz summary statistics
Results for genetic covariance between: ~/GENIE_GSEM/data/gwas_sumstats/munged/hm3_munged_info_0_8_maf_0_1/AN.sumstats.gz and ~/GENIE_GSEM/data/gwas_sumstats/munged/hm3_munged_info_0_8_maf_0_1/Tanner_StageMidAdol.sumstats.gz
Mean Z*Z: -0.0093
Cross trait Intercept: -0.0075 (0.0058)
Total Observed Scale Genetic Covariance (g_cov): -0.0032 (0.017)
g_cov Z: -0.188
g_cov P-value: 0.85091
     
Calculating genetic covariance [36/91] for traits: ~/GENIE_GSEM/data/gwas_sumstats/munged/hm3_munged_info_0_8_maf_0_1/AN.sumstats.gz and ~/GENIE_GSEM/data/gwas_sumstats/munged/hm3_munged_info_0_8_maf_0_1/BE_noAN.sumstats.gz
995847 SNPs remain after merging ~/GENIE_GSEM/data/gwas_sumstats/munged/hm3_munged_info_0_8_maf_0_1/AN.sumstats.gz and ~/GENIE_GSEM/data/gwas_sumstats/munged/hm3_munged_info_0_8_maf_0_1/BE_noAN.sumstats.gz summary statistics
Results for genetic covariance between: ~/GENIE_GSEM/data/gwas_sumstats/munged/hm3_munged_info_0_8_maf_0_1/AN.sumstats.gz and ~/GENIE_GSEM/data/gwas_sumstats/munged/hm3_munged_info_0_8_maf_0_1/BE_noAN.sumstats.gz
Mean Z*Z: 0.1461
Cross trait Intercept: 0.0999 (0.0058)
Total Observed Scale Genetic Covariance (g_cov): 0.026 (0.0056)
g_cov Z: 4.6
g_cov P-value: 4.2336e-06
          
Estimating heritability [37/91] for: ~/GENIE_GSEM/data/gwas_sumstats/munged/hm3_munged_info_0_8_maf_0_1/ANX.sumstats.gz
     
Please note that the results initially printed to the screen and log file reflect the NON-liability h2 and cov_g. However, a liability conversion is being used for trait ~/GENIE_GSEM/data/gwas_sumstats/munged/hm3_munged_info_0_8_maf_0_1/ANX.sumstats.gz when creating the genetic covariance matrix used as input for Genomic SEM and liability scale results are printed at the end of the log file.
     
Heritability Results for trait: ~/GENIE_GSEM/data/gwas_sumstats/munged/hm3_munged_info_0_8_maf_0_1/ANX.sumstats.gz
Mean Chi^2 across remaining SNPs: 1.0287
Lambda GC: 1.035
Intercept: 1.0009 (0.0066)
Ratio: 0.0316 (0.2309)
Total Observed Scale h2: 0.1396 (0.0523)
h2 Z: 2.67
     
Calculating genetic covariance [38/91] for traits: ~/GENIE_GSEM/data/gwas_sumstats/munged/hm3_munged_info_0_8_maf_0_1/ANX.sumstats.gz and ~/GENIE_GSEM/data/gwas_sumstats/munged/hm3_munged_info_0_8_maf_0_1/BMI.sumstats.gz
1097749 SNPs remain after merging ~/GENIE_GSEM/data/gwas_sumstats/munged/hm3_munged_info_0_8_maf_0_1/ANX.sumstats.gz and ~/GENIE_GSEM/data/gwas_sumstats/munged/hm3_munged_info_0_8_maf_0_1/BMI.sumstats.gz summary statistics
Results for genetic covariance between: ~/GENIE_GSEM/data/gwas_sumstats/munged/hm3_munged_info_0_8_maf_0_1/ANX.sumstats.gz and ~/GENIE_GSEM/data/gwas_sumstats/munged/hm3_munged_info_0_8_maf_0_1/BMI.sumstats.gz
Mean Z*Z: 0.028
Cross trait Intercept: 0.0154 (0.0086)
Total Observed Scale Genetic Covariance (g_cov): 0.0097 (0.0109)
g_cov Z: 0.892
g_cov P-value: 0.3722
     
Calculating genetic covariance [39/91] for traits: ~/GENIE_GSEM/data/gwas_sumstats/munged/hm3_munged_info_0_8_maf_0_1/ANX.sumstats.gz and ~/GENIE_GSEM/data/gwas_sumstats/munged/hm3_munged_info_0_8_maf_0_1/MDD_Eur.sumstats.gz
1030424 SNPs remain after merging ~/GENIE_GSEM/data/gwas_sumstats/munged/hm3_munged_info_0_8_maf_0_1/ANX.sumstats.gz and ~/GENIE_GSEM/data/gwas_sumstats/munged/hm3_munged_info_0_8_maf_0_1/MDD_Eur.sumstats.gz summary statistics
Results for genetic covariance between: ~/GENIE_GSEM/data/gwas_sumstats/munged/hm3_munged_info_0_8_maf_0_1/ANX.sumstats.gz and ~/GENIE_GSEM/data/gwas_sumstats/munged/hm3_munged_info_0_8_maf_0_1/MDD_Eur.sumstats.gz
Mean Z*Z: 0.182
Cross trait Intercept: 0.0258 (0.0071)
Total Observed Scale Genetic Covariance (g_cov): 0.0745 (0.0057)
g_cov Z: 13.2
g_cov P-value: 1.5432e-39
     
Calculating genetic covariance [40/91] for traits: ~/GENIE_GSEM/data/gwas_sumstats/munged/hm3_munged_info_0_8_maf_0_1/ANX.sumstats.gz and ~/GENIE_GSEM/data/gwas_sumstats/munged/hm3_munged_info_0_8_maf_0_1/OCD.sumstats.gz
1078165 SNPs remain after merging ~/GENIE_GSEM/data/gwas_sumstats/munged/hm3_munged_info_0_8_maf_0_1/ANX.sumstats.gz and ~/GENIE_GSEM/data/gwas_sumstats/munged/hm3_munged_info_0_8_maf_0_1/OCD.sumstats.gz summary statistics
Results for genetic covariance between: ~/GENIE_GSEM/data/gwas_sumstats/munged/hm3_munged_info_0_8_maf_0_1/ANX.sumstats.gz and ~/GENIE_GSEM/data/gwas_sumstats/munged/hm3_munged_info_0_8_maf_0_1/OCD.sumstats.gz
Mean Z*Z: 0.0146
Cross trait Intercept: 0.0032 (0.005)
Total Observed Scale Genetic Covariance (g_cov): 0.0658 (0.0416)
g_cov Z: 1.58
g_cov P-value: 0.11411
     
Calculating genetic covariance [41/91] for traits: ~/GENIE_GSEM/data/gwas_sumstats/munged/hm3_munged_info_0_8_maf_0_1/ANX.sumstats.gz and ~/GENIE_GSEM/data/gwas_sumstats/munged/hm3_munged_info_0_8_maf_0_1/PTSD.sumstats.gz
1017645 SNPs remain after merging ~/GENIE_GSEM/data/gwas_sumstats/munged/hm3_munged_info_0_8_maf_0_1/ANX.sumstats.gz and ~/GENIE_GSEM/data/gwas_sumstats/munged/hm3_munged_info_0_8_maf_0_1/PTSD.sumstats.gz summary statistics
Results for genetic covariance between: ~/GENIE_GSEM/data/gwas_sumstats/munged/hm3_munged_info_0_8_maf_0_1/ANX.sumstats.gz and ~/GENIE_GSEM/data/gwas_sumstats/munged/hm3_munged_info_0_8_maf_0_1/PTSD.sumstats.gz
Mean Z*Z: 0.0806
Cross trait Intercept: 0.0094 (0.0057)
Total Observed Scale Genetic Covariance (g_cov): 0.054 (0.0074)
g_cov Z: 7.26
g_cov P-value: 3.8647e-13
     
Calculating genetic covariance [42/91] for traits: ~/GENIE_GSEM/data/gwas_sumstats/munged/hm3_munged_info_0_8_maf_0_1/ANX.sumstats.gz and ~/GENIE_GSEM/data/gwas_sumstats/munged/hm3_munged_info_0_8_maf_0_1/BMI_Childhood.sumstats.gz
1099795 SNPs remain after merging ~/GENIE_GSEM/data/gwas_sumstats/munged/hm3_munged_info_0_8_maf_0_1/ANX.sumstats.gz and ~/GENIE_GSEM/data/gwas_sumstats/munged/hm3_munged_info_0_8_maf_0_1/BMI_Childhood.sumstats.gz summary statistics
Results for genetic covariance between: ~/GENIE_GSEM/data/gwas_sumstats/munged/hm3_munged_info_0_8_maf_0_1/ANX.sumstats.gz and ~/GENIE_GSEM/data/gwas_sumstats/munged/hm3_munged_info_0_8_maf_0_1/BMI_Childhood.sumstats.gz
Mean Z*Z: 0.0039
Cross trait Intercept: 0.0125 (0.005)
Total Observed Scale Genetic Covariance (g_cov): -0.0198 (0.0194)
g_cov Z: -1.02
g_cov P-value: 0.30912
     
Calculating genetic covariance [43/91] for traits: ~/GENIE_GSEM/data/gwas_sumstats/munged/hm3_munged_info_0_8_maf_0_1/ANX.sumstats.gz and ~/GENIE_GSEM/data/gwas_sumstats/munged/hm3_munged_info_0_8_maf_0_1/BFP.sumstats.gz
1082474 SNPs remain after merging ~/GENIE_GSEM/data/gwas_sumstats/munged/hm3_munged_info_0_8_maf_0_1/ANX.sumstats.gz and ~/GENIE_GSEM/data/gwas_sumstats/munged/hm3_munged_info_0_8_maf_0_1/BFP.sumstats.gz summary statistics
Results for genetic covariance between: ~/GENIE_GSEM/data/gwas_sumstats/munged/hm3_munged_info_0_8_maf_0_1/ANX.sumstats.gz and ~/GENIE_GSEM/data/gwas_sumstats/munged/hm3_munged_info_0_8_maf_0_1/BFP.sumstats.gz
Mean Z*Z: 0.0258
Cross trait Intercept: 0.0103 (0.0058)
Total Observed Scale Genetic Covariance (g_cov): 0.0196 (0.0118)
g_cov Z: 1.66
g_cov P-value: 0.096471
     
Calculating genetic covariance [44/91] for traits: ~/GENIE_GSEM/data/gwas_sumstats/munged/hm3_munged_info_0_8_maf_0_1/ANX.sumstats.gz and ~/GENIE_GSEM/data/gwas_sumstats/munged/hm3_munged_info_0_8_maf_0_1/Age_Menarche_Eur.sumstats.gz
1099451 SNPs remain after merging ~/GENIE_GSEM/data/gwas_sumstats/munged/hm3_munged_info_0_8_maf_0_1/ANX.sumstats.gz and ~/GENIE_GSEM/data/gwas_sumstats/munged/hm3_munged_info_0_8_maf_0_1/Age_Menarche_Eur.sumstats.gz summary statistics
Results for genetic covariance between: ~/GENIE_GSEM/data/gwas_sumstats/munged/hm3_munged_info_0_8_maf_0_1/ANX.sumstats.gz and ~/GENIE_GSEM/data/gwas_sumstats/munged/hm3_munged_info_0_8_maf_0_1/Age_Menarche_Eur.sumstats.gz
Mean Z*Z: -0.002
Cross trait Intercept: 0.0024 (0.0062)
Total Observed Scale Genetic Covariance (g_cov): -0.0071 (0.0116)
g_cov Z: -0.61
g_cov P-value: 0.54213
     
Calculating genetic covariance [45/91] for traits: ~/GENIE_GSEM/data/gwas_sumstats/munged/hm3_munged_info_0_8_maf_0_1/ANX.sumstats.gz and ~/GENIE_GSEM/data/gwas_sumstats/munged/hm3_munged_info_0_8_maf_0_1/Tanner_StageMidAdol.sumstats.gz
950446 SNPs remain after merging ~/GENIE_GSEM/data/gwas_sumstats/munged/hm3_munged_info_0_8_maf_0_1/ANX.sumstats.gz and ~/GENIE_GSEM/data/gwas_sumstats/munged/hm3_munged_info_0_8_maf_0_1/Tanner_StageMidAdol.sumstats.gz summary statistics
Results for genetic covariance between: ~/GENIE_GSEM/data/gwas_sumstats/munged/hm3_munged_info_0_8_maf_0_1/ANX.sumstats.gz and ~/GENIE_GSEM/data/gwas_sumstats/munged/hm3_munged_info_0_8_maf_0_1/Tanner_StageMidAdol.sumstats.gz
Mean Z*Z: 0.0058
Cross trait Intercept: 5e-04 (0.0047)
Total Observed Scale Genetic Covariance (g_cov): 0.0267 (0.0329)
g_cov Z: 0.813
g_cov P-value: 0.41635
     
Calculating genetic covariance [46/91] for traits: ~/GENIE_GSEM/data/gwas_sumstats/munged/hm3_munged_info_0_8_maf_0_1/ANX.sumstats.gz and ~/GENIE_GSEM/data/gwas_sumstats/munged/hm3_munged_info_0_8_maf_0_1/BE_noAN.sumstats.gz
932819 SNPs remain after merging ~/GENIE_GSEM/data/gwas_sumstats/munged/hm3_munged_info_0_8_maf_0_1/ANX.sumstats.gz and ~/GENIE_GSEM/data/gwas_sumstats/munged/hm3_munged_info_0_8_maf_0_1/BE_noAN.sumstats.gz summary statistics
Results for genetic covariance between: ~/GENIE_GSEM/data/gwas_sumstats/munged/hm3_munged_info_0_8_maf_0_1/ANX.sumstats.gz and ~/GENIE_GSEM/data/gwas_sumstats/munged/hm3_munged_info_0_8_maf_0_1/BE_noAN.sumstats.gz
Mean Z*Z: 0.0269
Cross trait Intercept: -0.0029 (0.0055)
Total Observed Scale Genetic Covariance (g_cov): 0.0448 (0.0115)
g_cov Z: 3.9
g_cov P-value: 9.7838e-05
          
Estimating heritability [47/91] for: ~/GENIE_GSEM/data/gwas_sumstats/munged/hm3_munged_info_0_8_maf_0_1/BMI.sumstats.gz
Heritability Results for trait: ~/GENIE_GSEM/data/gwas_sumstats/munged/hm3_munged_info_0_8_maf_0_1/BMI.sumstats.gz
Mean Chi^2 across remaining SNPs: 3.855
Lambda GC: 2.6734
Intercept: 1.0138 (0.0229)
Ratio: 0.0048 (0.008)
Total Observed Scale h2: 0.2079 (0.0059)
h2 Z: 35.1
     
Calculating genetic covariance [48/91] for traits: ~/GENIE_GSEM/data/gwas_sumstats/munged/hm3_munged_info_0_8_maf_0_1/BMI.sumstats.gz and ~/GENIE_GSEM/data/gwas_sumstats/munged/hm3_munged_info_0_8_maf_0_1/MDD_Eur.sumstats.gz
1104772 SNPs remain after merging ~/GENIE_GSEM/data/gwas_sumstats/munged/hm3_munged_info_0_8_maf_0_1/BMI.sumstats.gz and ~/GENIE_GSEM/data/gwas_sumstats/munged/hm3_munged_info_0_8_maf_0_1/MDD_Eur.sumstats.gz summary statistics
Results for genetic covariance between: ~/GENIE_GSEM/data/gwas_sumstats/munged/hm3_munged_info_0_8_maf_0_1/BMI.sumstats.gz and ~/GENIE_GSEM/data/gwas_sumstats/munged/hm3_munged_info_0_8_maf_0_1/MDD_Eur.sumstats.gz
Mean Z*Z: 0.3274
Cross trait Intercept: 0.0282 (0.0106)
Total Observed Scale Genetic Covariance (g_cov): 0.0175 (0.0016)
g_cov Z: 11.1
g_cov P-value: 2.051e-28
     
Calculating genetic covariance [49/91] for traits: ~/GENIE_GSEM/data/gwas_sumstats/munged/hm3_munged_info_0_8_maf_0_1/BMI.sumstats.gz and ~/GENIE_GSEM/data/gwas_sumstats/munged/hm3_munged_info_0_8_maf_0_1/OCD.sumstats.gz
1146504 SNPs remain after merging ~/GENIE_GSEM/data/gwas_sumstats/munged/hm3_munged_info_0_8_maf_0_1/BMI.sumstats.gz and ~/GENIE_GSEM/data/gwas_sumstats/munged/hm3_munged_info_0_8_maf_0_1/OCD.sumstats.gz summary statistics
Results for genetic covariance between: ~/GENIE_GSEM/data/gwas_sumstats/munged/hm3_munged_info_0_8_maf_0_1/BMI.sumstats.gz and ~/GENIE_GSEM/data/gwas_sumstats/munged/hm3_munged_info_0_8_maf_0_1/OCD.sumstats.gz
Mean Z*Z: -0.1191
Cross trait Intercept: -0.002 (0.0089)
Total Observed Scale Genetic Covariance (g_cov): -0.0814 (0.0128)
g_cov Z: -6.37
g_cov P-value: 1.924e-10
     
Calculating genetic covariance [50/91] for traits: ~/GENIE_GSEM/data/gwas_sumstats/munged/hm3_munged_info_0_8_maf_0_1/BMI.sumstats.gz and ~/GENIE_GSEM/data/gwas_sumstats/munged/hm3_munged_info_0_8_maf_0_1/PTSD.sumstats.gz
1075393 SNPs remain after merging ~/GENIE_GSEM/data/gwas_sumstats/munged/hm3_munged_info_0_8_maf_0_1/BMI.sumstats.gz and ~/GENIE_GSEM/data/gwas_sumstats/munged/hm3_munged_info_0_8_maf_0_1/PTSD.sumstats.gz summary statistics
Results for genetic covariance between: ~/GENIE_GSEM/data/gwas_sumstats/munged/hm3_munged_info_0_8_maf_0_1/BMI.sumstats.gz and ~/GENIE_GSEM/data/gwas_sumstats/munged/hm3_munged_info_0_8_maf_0_1/PTSD.sumstats.gz
Mean Z*Z: 0.2964
Cross trait Intercept: 0.0254 (0.0093)
Total Observed Scale Genetic Covariance (g_cov): 0.0244 (0.002)
g_cov Z: 12.4
g_cov P-value: 4.8086e-35
     
Calculating genetic covariance [51/91] for traits: ~/GENIE_GSEM/data/gwas_sumstats/munged/hm3_munged_info_0_8_maf_0_1/BMI.sumstats.gz and ~/GENIE_GSEM/data/gwas_sumstats/munged/hm3_munged_info_0_8_maf_0_1/BMI_Childhood.sumstats.gz
1176375 SNPs remain after merging ~/GENIE_GSEM/data/gwas_sumstats/munged/hm3_munged_info_0_8_maf_0_1/BMI.sumstats.gz and ~/GENIE_GSEM/data/gwas_sumstats/munged/hm3_munged_info_0_8_maf_0_1/BMI_Childhood.sumstats.gz summary statistics
Results for genetic covariance between: ~/GENIE_GSEM/data/gwas_sumstats/munged/hm3_munged_info_0_8_maf_0_1/BMI.sumstats.gz and ~/GENIE_GSEM/data/gwas_sumstats/munged/hm3_munged_info_0_8_maf_0_1/BMI_Childhood.sumstats.gz
Mean Z*Z: 0.4734
Cross trait Intercept: 0.0044 (0.0095)
Total Observed Scale Genetic Covariance (g_cov): 0.1444 (0.0083)
g_cov Z: 17.5
g_cov P-value: 1.5608e-68
     
Calculating genetic covariance [52/91] for traits: ~/GENIE_GSEM/data/gwas_sumstats/munged/hm3_munged_info_0_8_maf_0_1/BMI.sumstats.gz and ~/GENIE_GSEM/data/gwas_sumstats/munged/hm3_munged_info_0_8_maf_0_1/BFP.sumstats.gz
1154232 SNPs remain after merging ~/GENIE_GSEM/data/gwas_sumstats/munged/hm3_munged_info_0_8_maf_0_1/BMI.sumstats.gz and ~/GENIE_GSEM/data/gwas_sumstats/munged/hm3_munged_info_0_8_maf_0_1/BFP.sumstats.gz summary statistics
Results for genetic covariance between: ~/GENIE_GSEM/data/gwas_sumstats/munged/hm3_munged_info_0_8_maf_0_1/BMI.sumstats.gz and ~/GENIE_GSEM/data/gwas_sumstats/munged/hm3_munged_info_0_8_maf_0_1/BFP.sumstats.gz
Mean Z*Z: 1.6855
Cross trait Intercept: 0.4609 (0.0134)
Total Observed Scale Genetic Covariance (g_cov): 0.1802 (0.0058)
g_cov Z: 31.2
g_cov P-value: 2.4245e-214
     
Calculating genetic covariance [53/91] for traits: ~/GENIE_GSEM/data/gwas_sumstats/munged/hm3_munged_info_0_8_maf_0_1/BMI.sumstats.gz and ~/GENIE_GSEM/data/gwas_sumstats/munged/hm3_munged_info_0_8_maf_0_1/Age_Menarche_Eur.sumstats.gz
1174630 SNPs remain after merging ~/GENIE_GSEM/data/gwas_sumstats/munged/hm3_munged_info_0_8_maf_0_1/BMI.sumstats.gz and ~/GENIE_GSEM/data/gwas_sumstats/munged/hm3_munged_info_0_8_maf_0_1/Age_Menarche_Eur.sumstats.gz summary statistics
Results for genetic covariance between: ~/GENIE_GSEM/data/gwas_sumstats/munged/hm3_munged_info_0_8_maf_0_1/BMI.sumstats.gz and ~/GENIE_GSEM/data/gwas_sumstats/munged/hm3_munged_info_0_8_maf_0_1/Age_Menarche_Eur.sumstats.gz
Mean Z*Z: -0.6584
Cross trait Intercept: -0.0851 (0.0121)
Total Observed Scale Genetic Covariance (g_cov): -0.0673 (0.0044)
g_cov Z: -15.5
g_cov P-value: 6.1845e-54
     
Calculating genetic covariance [54/91] for traits: ~/GENIE_GSEM/data/gwas_sumstats/munged/hm3_munged_info_0_8_maf_0_1/BMI.sumstats.gz and ~/GENIE_GSEM/data/gwas_sumstats/munged/hm3_munged_info_0_8_maf_0_1/Tanner_StageMidAdol.sumstats.gz
969866 SNPs remain after merging ~/GENIE_GSEM/data/gwas_sumstats/munged/hm3_munged_info_0_8_maf_0_1/BMI.sumstats.gz and ~/GENIE_GSEM/data/gwas_sumstats/munged/hm3_munged_info_0_8_maf_0_1/Tanner_StageMidAdol.sumstats.gz summary statistics
Results for genetic covariance between: ~/GENIE_GSEM/data/gwas_sumstats/munged/hm3_munged_info_0_8_maf_0_1/BMI.sumstats.gz and ~/GENIE_GSEM/data/gwas_sumstats/munged/hm3_munged_info_0_8_maf_0_1/Tanner_StageMidAdol.sumstats.gz
Mean Z*Z: 0.1065
Cross trait Intercept: 0.0078 (0.0099)
Total Observed Scale Genetic Covariance (g_cov): 0.0583 (0.0116)
g_cov Z: 5.04
g_cov P-value: 4.6123e-07
     
Calculating genetic covariance [55/91] for traits: ~/GENIE_GSEM/data/gwas_sumstats/munged/hm3_munged_info_0_8_maf_0_1/BMI.sumstats.gz and ~/GENIE_GSEM/data/gwas_sumstats/munged/hm3_munged_info_0_8_maf_0_1/BE_noAN.sumstats.gz
997094 SNPs remain after merging ~/GENIE_GSEM/data/gwas_sumstats/munged/hm3_munged_info_0_8_maf_0_1/BMI.sumstats.gz and ~/GENIE_GSEM/data/gwas_sumstats/munged/hm3_munged_info_0_8_maf_0_1/BE_noAN.sumstats.gz summary statistics
Results for genetic covariance between: ~/GENIE_GSEM/data/gwas_sumstats/munged/hm3_munged_info_0_8_maf_0_1/BMI.sumstats.gz and ~/GENIE_GSEM/data/gwas_sumstats/munged/hm3_munged_info_0_8_maf_0_1/BE_noAN.sumstats.gz
Mean Z*Z: 0.2938
Cross trait Intercept: 0.0047 (0.0108)
Total Observed Scale Genetic Covariance (g_cov): 0.053 (0.0045)
g_cov Z: 11.7
g_cov P-value: 1.356e-31
          
Estimating heritability [56/91] for: ~/GENIE_GSEM/data/gwas_sumstats/munged/hm3_munged_info_0_8_maf_0_1/MDD_Eur.sumstats.gz
     
Please note that the results initially printed to the screen and log file reflect the NON-liability h2 and cov_g. However, a liability conversion is being used for trait ~/GENIE_GSEM/data/gwas_sumstats/munged/hm3_munged_info_0_8_maf_0_1/MDD_Eur.sumstats.gz when creating the genetic covariance matrix used as input for Genomic SEM and liability scale results are printed at the end of the log file.
     
Heritability Results for trait: ~/GENIE_GSEM/data/gwas_sumstats/munged/hm3_munged_info_0_8_maf_0_1/MDD_Eur.sumstats.gz
Mean Chi^2 across remaining SNPs: 2.1942
Lambda GC: 1.8502
Intercept: 1.0501 (0.014)
Ratio: 0.042 (0.0118)
Total Observed Scale h2: 0.0521 (0.0017)
h2 Z: 31.2
     
Calculating genetic covariance [57/91] for traits: ~/GENIE_GSEM/data/gwas_sumstats/munged/hm3_munged_info_0_8_maf_0_1/MDD_Eur.sumstats.gz and ~/GENIE_GSEM/data/gwas_sumstats/munged/hm3_munged_info_0_8_maf_0_1/OCD.sumstats.gz
1076485 SNPs remain after merging ~/GENIE_GSEM/data/gwas_sumstats/munged/hm3_munged_info_0_8_maf_0_1/MDD_Eur.sumstats.gz and ~/GENIE_GSEM/data/gwas_sumstats/munged/hm3_munged_info_0_8_maf_0_1/OCD.sumstats.gz summary statistics
Results for genetic covariance between: ~/GENIE_GSEM/data/gwas_sumstats/munged/hm3_munged_info_0_8_maf_0_1/MDD_Eur.sumstats.gz and ~/GENIE_GSEM/data/gwas_sumstats/munged/hm3_munged_info_0_8_maf_0_1/OCD.sumstats.gz
Mean Z*Z: 0.062
Cross trait Intercept: 0.0159 (0.0065)
Total Observed Scale Genetic Covariance (g_cov): 0.0255 (0.0062)
g_cov Z: 4.14
g_cov P-value: 3.5317e-05
     
Calculating genetic covariance [58/91] for traits: ~/GENIE_GSEM/data/gwas_sumstats/munged/hm3_munged_info_0_8_maf_0_1/MDD_Eur.sumstats.gz and ~/GENIE_GSEM/data/gwas_sumstats/munged/hm3_munged_info_0_8_maf_0_1/PTSD.sumstats.gz
1029985 SNPs remain after merging ~/GENIE_GSEM/data/gwas_sumstats/munged/hm3_munged_info_0_8_maf_0_1/MDD_Eur.sumstats.gz and ~/GENIE_GSEM/data/gwas_sumstats/munged/hm3_munged_info_0_8_maf_0_1/PTSD.sumstats.gz summary statistics
Results for genetic covariance between: ~/GENIE_GSEM/data/gwas_sumstats/munged/hm3_munged_info_0_8_maf_0_1/MDD_Eur.sumstats.gz and ~/GENIE_GSEM/data/gwas_sumstats/munged/hm3_munged_info_0_8_maf_0_1/PTSD.sumstats.gz
Mean Z*Z: 0.961
Cross trait Intercept: 0.2648 (0.0098)
Total Observed Scale Genetic Covariance (g_cov): 0.05 (0.0017)
g_cov Z: 28.7
g_cov P-value: 1.4794e-181
     
Calculating genetic covariance [59/91] for traits: ~/GENIE_GSEM/data/gwas_sumstats/munged/hm3_munged_info_0_8_maf_0_1/MDD_Eur.sumstats.gz and ~/GENIE_GSEM/data/gwas_sumstats/munged/hm3_munged_info_0_8_maf_0_1/BMI_Childhood.sumstats.gz
1104222 SNPs remain after merging ~/GENIE_GSEM/data/gwas_sumstats/munged/hm3_munged_info_0_8_maf_0_1/MDD_Eur.sumstats.gz and ~/GENIE_GSEM/data/gwas_sumstats/munged/hm3_munged_info_0_8_maf_0_1/BMI_Childhood.sumstats.gz summary statistics
Results for genetic covariance between: ~/GENIE_GSEM/data/gwas_sumstats/munged/hm3_munged_info_0_8_maf_0_1/MDD_Eur.sumstats.gz and ~/GENIE_GSEM/data/gwas_sumstats/munged/hm3_munged_info_0_8_maf_0_1/BMI_Childhood.sumstats.gz
Mean Z*Z: 0.0213
Cross trait Intercept: 0.0018 (0.0068)
Total Observed Scale Genetic Covariance (g_cov): 0.0047 (0.0033)
g_cov Z: 1.41
g_cov P-value: 0.15845
     
Calculating genetic covariance [60/91] for traits: ~/GENIE_GSEM/data/gwas_sumstats/munged/hm3_munged_info_0_8_maf_0_1/MDD_Eur.sumstats.gz and ~/GENIE_GSEM/data/gwas_sumstats/munged/hm3_munged_info_0_8_maf_0_1/BFP.sumstats.gz
1089945 SNPs remain after merging ~/GENIE_GSEM/data/gwas_sumstats/munged/hm3_munged_info_0_8_maf_0_1/MDD_Eur.sumstats.gz and ~/GENIE_GSEM/data/gwas_sumstats/munged/hm3_munged_info_0_8_maf_0_1/BFP.sumstats.gz summary statistics
Results for genetic covariance between: ~/GENIE_GSEM/data/gwas_sumstats/munged/hm3_munged_info_0_8_maf_0_1/MDD_Eur.sumstats.gz and ~/GENIE_GSEM/data/gwas_sumstats/munged/hm3_munged_info_0_8_maf_0_1/BFP.sumstats.gz
Mean Z*Z: 0.2308
Cross trait Intercept: 0.0213 (0.0068)
Total Observed Scale Genetic Covariance (g_cov): 0.0228 (0.0019)
g_cov Z: 11.8
g_cov P-value: 2.775e-32
     
Calculating genetic covariance [61/91] for traits: ~/GENIE_GSEM/data/gwas_sumstats/munged/hm3_munged_info_0_8_maf_0_1/MDD_Eur.sumstats.gz and ~/GENIE_GSEM/data/gwas_sumstats/munged/hm3_munged_info_0_8_maf_0_1/Age_Menarche_Eur.sumstats.gz
1103754 SNPs remain after merging ~/GENIE_GSEM/data/gwas_sumstats/munged/hm3_munged_info_0_8_maf_0_1/MDD_Eur.sumstats.gz and ~/GENIE_GSEM/data/gwas_sumstats/munged/hm3_munged_info_0_8_maf_0_1/Age_Menarche_Eur.sumstats.gz summary statistics
Results for genetic covariance between: ~/GENIE_GSEM/data/gwas_sumstats/munged/hm3_munged_info_0_8_maf_0_1/MDD_Eur.sumstats.gz and ~/GENIE_GSEM/data/gwas_sumstats/munged/hm3_munged_info_0_8_maf_0_1/Age_Menarche_Eur.sumstats.gz
Mean Z*Z: -0.0569
Cross trait Intercept: 0.0028 (0.0077)
Total Observed Scale Genetic Covariance (g_cov): -0.0066 (0.0017)
g_cov Z: -3.92
g_cov P-value: 8.9484e-05
     
Calculating genetic covariance [62/91] for traits: ~/GENIE_GSEM/data/gwas_sumstats/munged/hm3_munged_info_0_8_maf_0_1/MDD_Eur.sumstats.gz and ~/GENIE_GSEM/data/gwas_sumstats/munged/hm3_munged_info_0_8_maf_0_1/Tanner_StageMidAdol.sumstats.gz
913330 SNPs remain after merging ~/GENIE_GSEM/data/gwas_sumstats/munged/hm3_munged_info_0_8_maf_0_1/MDD_Eur.sumstats.gz and ~/GENIE_GSEM/data/gwas_sumstats/munged/hm3_munged_info_0_8_maf_0_1/Tanner_StageMidAdol.sumstats.gz summary statistics
Results for genetic covariance between: ~/GENIE_GSEM/data/gwas_sumstats/munged/hm3_munged_info_0_8_maf_0_1/MDD_Eur.sumstats.gz and ~/GENIE_GSEM/data/gwas_sumstats/munged/hm3_munged_info_0_8_maf_0_1/Tanner_StageMidAdol.sumstats.gz
Mean Z*Z: 0.0114
Cross trait Intercept: 0.0097 (0.0069)
Total Observed Scale Genetic Covariance (g_cov): 0.0011 (0.0053)
g_cov Z: 0.214
g_cov P-value: 0.83042
     
Calculating genetic covariance [63/91] for traits: ~/GENIE_GSEM/data/gwas_sumstats/munged/hm3_munged_info_0_8_maf_0_1/MDD_Eur.sumstats.gz and ~/GENIE_GSEM/data/gwas_sumstats/munged/hm3_munged_info_0_8_maf_0_1/BE_noAN.sumstats.gz
948869 SNPs remain after merging ~/GENIE_GSEM/data/gwas_sumstats/munged/hm3_munged_info_0_8_maf_0_1/MDD_Eur.sumstats.gz and ~/GENIE_GSEM/data/gwas_sumstats/munged/hm3_munged_info_0_8_maf_0_1/BE_noAN.sumstats.gz summary statistics
Results for genetic covariance between: ~/GENIE_GSEM/data/gwas_sumstats/munged/hm3_munged_info_0_8_maf_0_1/MDD_Eur.sumstats.gz and ~/GENIE_GSEM/data/gwas_sumstats/munged/hm3_munged_info_0_8_maf_0_1/BE_noAN.sumstats.gz
Mean Z*Z: 0.1555
Cross trait Intercept: 0.0161 (0.007)
Total Observed Scale Genetic Covariance (g_cov): 0.0201 (0.002)
g_cov Z: 10.2
g_cov P-value: 2.1056e-24
          
Estimating heritability [64/91] for: ~/GENIE_GSEM/data/gwas_sumstats/munged/hm3_munged_info_0_8_maf_0_1/OCD.sumstats.gz
     
Please note that the results initially printed to the screen and log file reflect the NON-liability h2 and cov_g. However, a liability conversion is being used for trait ~/GENIE_GSEM/data/gwas_sumstats/munged/hm3_munged_info_0_8_maf_0_1/OCD.sumstats.gz when creating the genetic covariance matrix used as input for Genomic SEM and liability scale results are printed at the end of the log file.
     
Heritability Results for trait: ~/GENIE_GSEM/data/gwas_sumstats/munged/hm3_munged_info_0_8_maf_0_1/OCD.sumstats.gz
Mean Chi^2 across remaining SNPs: 1.0546
Lambda GC: 1.0504
Intercept: 0.9914 (0.0068)
Ratio: -0.1574 (0.1248)
Total Observed Scale h2: 0.4096 (0.0605)
h2 Z: 6.77
     
Calculating genetic covariance [65/91] for traits: ~/GENIE_GSEM/data/gwas_sumstats/munged/hm3_munged_info_0_8_maf_0_1/OCD.sumstats.gz and ~/GENIE_GSEM/data/gwas_sumstats/munged/hm3_munged_info_0_8_maf_0_1/PTSD.sumstats.gz
1051829 SNPs remain after merging ~/GENIE_GSEM/data/gwas_sumstats/munged/hm3_munged_info_0_8_maf_0_1/OCD.sumstats.gz and ~/GENIE_GSEM/data/gwas_sumstats/munged/hm3_munged_info_0_8_maf_0_1/PTSD.sumstats.gz summary statistics
Results for genetic covariance between: ~/GENIE_GSEM/data/gwas_sumstats/munged/hm3_munged_info_0_8_maf_0_1/OCD.sumstats.gz and ~/GENIE_GSEM/data/gwas_sumstats/munged/hm3_munged_info_0_8_maf_0_1/PTSD.sumstats.gz
Mean Z*Z: 0.0255
Cross trait Intercept: 0.0064 (0.0061)
Total Observed Scale Genetic Covariance (g_cov): 0.0157 (0.0083)
g_cov Z: 1.89
g_cov P-value: 0.058523
     
Calculating genetic covariance [66/91] for traits: ~/GENIE_GSEM/data/gwas_sumstats/munged/hm3_munged_info_0_8_maf_0_1/OCD.sumstats.gz and ~/GENIE_GSEM/data/gwas_sumstats/munged/hm3_munged_info_0_8_maf_0_1/BMI_Childhood.sumstats.gz
1145756 SNPs remain after merging ~/GENIE_GSEM/data/gwas_sumstats/munged/hm3_munged_info_0_8_maf_0_1/OCD.sumstats.gz and ~/GENIE_GSEM/data/gwas_sumstats/munged/hm3_munged_info_0_8_maf_0_1/BMI_Childhood.sumstats.gz summary statistics
Results for genetic covariance between: ~/GENIE_GSEM/data/gwas_sumstats/munged/hm3_munged_info_0_8_maf_0_1/OCD.sumstats.gz and ~/GENIE_GSEM/data/gwas_sumstats/munged/hm3_munged_info_0_8_maf_0_1/BMI_Childhood.sumstats.gz
Mean Z*Z: -0.005
Cross trait Intercept: -3e-04 (0.0047)
Total Observed Scale Genetic Covariance (g_cov): -0.0151 (0.021)
g_cov Z: -0.721
g_cov P-value: 0.47066
     
Calculating genetic covariance [67/91] for traits: ~/GENIE_GSEM/data/gwas_sumstats/munged/hm3_munged_info_0_8_maf_0_1/OCD.sumstats.gz and ~/GENIE_GSEM/data/gwas_sumstats/munged/hm3_munged_info_0_8_maf_0_1/BFP.sumstats.gz
1125534 SNPs remain after merging ~/GENIE_GSEM/data/gwas_sumstats/munged/hm3_munged_info_0_8_maf_0_1/OCD.sumstats.gz and ~/GENIE_GSEM/data/gwas_sumstats/munged/hm3_munged_info_0_8_maf_0_1/BFP.sumstats.gz summary statistics
Results for genetic covariance between: ~/GENIE_GSEM/data/gwas_sumstats/munged/hm3_munged_info_0_8_maf_0_1/OCD.sumstats.gz and ~/GENIE_GSEM/data/gwas_sumstats/munged/hm3_munged_info_0_8_maf_0_1/BFP.sumstats.gz
Mean Z*Z: -0.0602
Cross trait Intercept: 0.001 (0.0063)
Total Observed Scale Genetic Covariance (g_cov): -0.086 (0.0149)
g_cov Z: -5.78
g_cov P-value: 7.5115e-09
     
Calculating genetic covariance [68/91] for traits: ~/GENIE_GSEM/data/gwas_sumstats/munged/hm3_munged_info_0_8_maf_0_1/OCD.sumstats.gz and ~/GENIE_GSEM/data/gwas_sumstats/munged/hm3_munged_info_0_8_maf_0_1/Age_Menarche_Eur.sumstats.gz
1144110 SNPs remain after merging ~/GENIE_GSEM/data/gwas_sumstats/munged/hm3_munged_info_0_8_maf_0_1/OCD.sumstats.gz and ~/GENIE_GSEM/data/gwas_sumstats/munged/hm3_munged_info_0_8_maf_0_1/Age_Menarche_Eur.sumstats.gz summary statistics
Results for genetic covariance between: ~/GENIE_GSEM/data/gwas_sumstats/munged/hm3_munged_info_0_8_maf_0_1/OCD.sumstats.gz and ~/GENIE_GSEM/data/gwas_sumstats/munged/hm3_munged_info_0_8_maf_0_1/Age_Menarche_Eur.sumstats.gz
Mean Z*Z: 0.0078
Cross trait Intercept: 0.0074 (0.0066)
Total Observed Scale Genetic Covariance (g_cov): 2e-04 (0.0137)
g_cov Z: 0.0119
g_cov P-value: 0.9905
     
Calculating genetic covariance [69/91] for traits: ~/GENIE_GSEM/data/gwas_sumstats/munged/hm3_munged_info_0_8_maf_0_1/OCD.sumstats.gz and ~/GENIE_GSEM/data/gwas_sumstats/munged/hm3_munged_info_0_8_maf_0_1/Tanner_StageMidAdol.sumstats.gz
958367 SNPs remain after merging ~/GENIE_GSEM/data/gwas_sumstats/munged/hm3_munged_info_0_8_maf_0_1/OCD.sumstats.gz and ~/GENIE_GSEM/data/gwas_sumstats/munged/hm3_munged_info_0_8_maf_0_1/Tanner_StageMidAdol.sumstats.gz summary statistics
Results for genetic covariance between: ~/GENIE_GSEM/data/gwas_sumstats/munged/hm3_munged_info_0_8_maf_0_1/OCD.sumstats.gz and ~/GENIE_GSEM/data/gwas_sumstats/munged/hm3_munged_info_0_8_maf_0_1/Tanner_StageMidAdol.sumstats.gz
Mean Z*Z: -0.003
Cross trait Intercept: -0.001 (0.0055)
Total Observed Scale Genetic Covariance (g_cov): -0.0106 (0.0397)
g_cov Z: -0.267
g_cov P-value: 0.78966
     
Calculating genetic covariance [70/91] for traits: ~/GENIE_GSEM/data/gwas_sumstats/munged/hm3_munged_info_0_8_maf_0_1/OCD.sumstats.gz and ~/GENIE_GSEM/data/gwas_sumstats/munged/hm3_munged_info_0_8_maf_0_1/BE_noAN.sumstats.gz
981175 SNPs remain after merging ~/GENIE_GSEM/data/gwas_sumstats/munged/hm3_munged_info_0_8_maf_0_1/OCD.sumstats.gz and ~/GENIE_GSEM/data/gwas_sumstats/munged/hm3_munged_info_0_8_maf_0_1/BE_noAN.sumstats.gz summary statistics
Results for genetic covariance between: ~/GENIE_GSEM/data/gwas_sumstats/munged/hm3_munged_info_0_8_maf_0_1/OCD.sumstats.gz and ~/GENIE_GSEM/data/gwas_sumstats/munged/hm3_munged_info_0_8_maf_0_1/BE_noAN.sumstats.gz
Mean Z*Z: 0.0065
Cross trait Intercept: 0.0101 (0.0058)
Total Observed Scale Genetic Covariance (g_cov): -0.0058 (0.0146)
g_cov Z: -0.399
g_cov P-value: 0.68979
          
Estimating heritability [71/91] for: ~/GENIE_GSEM/data/gwas_sumstats/munged/hm3_munged_info_0_8_maf_0_1/PTSD.sumstats.gz
     
Please note that the results initially printed to the screen and log file reflect the NON-liability h2 and cov_g. However, a liability conversion is being used for trait ~/GENIE_GSEM/data/gwas_sumstats/munged/hm3_munged_info_0_8_maf_0_1/PTSD.sumstats.gz when creating the genetic covariance matrix used as input for Genomic SEM and liability scale results are printed at the end of the log file.
     
Heritability Results for trait: ~/GENIE_GSEM/data/gwas_sumstats/munged/hm3_munged_info_0_8_maf_0_1/PTSD.sumstats.gz
Mean Chi^2 across remaining SNPs: 1.5215
Lambda GC: 1.4264
Intercept: 1.0296 (0.0092)
Ratio: 0.0568 (0.0176)
Total Observed Scale h2: 0.0559 (0.0024)
h2 Z: 23.5
     
Calculating genetic covariance [72/91] for traits: ~/GENIE_GSEM/data/gwas_sumstats/munged/hm3_munged_info_0_8_maf_0_1/PTSD.sumstats.gz and ~/GENIE_GSEM/data/gwas_sumstats/munged/hm3_munged_info_0_8_maf_0_1/BMI_Childhood.sumstats.gz
1075315 SNPs remain after merging ~/GENIE_GSEM/data/gwas_sumstats/munged/hm3_munged_info_0_8_maf_0_1/PTSD.sumstats.gz and ~/GENIE_GSEM/data/gwas_sumstats/munged/hm3_munged_info_0_8_maf_0_1/BMI_Childhood.sumstats.gz summary statistics
Results for genetic covariance between: ~/GENIE_GSEM/data/gwas_sumstats/munged/hm3_munged_info_0_8_maf_0_1/PTSD.sumstats.gz and ~/GENIE_GSEM/data/gwas_sumstats/munged/hm3_munged_info_0_8_maf_0_1/BMI_Childhood.sumstats.gz
Mean Z*Z: 0.0291
Cross trait Intercept: 0.0038 (0.0059)
Total Observed Scale Genetic Covariance (g_cov): 0.0083 (0.0038)
g_cov Z: 2.17
g_cov P-value: 0.029832
     
Calculating genetic covariance [73/91] for traits: ~/GENIE_GSEM/data/gwas_sumstats/munged/hm3_munged_info_0_8_maf_0_1/PTSD.sumstats.gz and ~/GENIE_GSEM/data/gwas_sumstats/munged/hm3_munged_info_0_8_maf_0_1/BFP.sumstats.gz
1061634 SNPs remain after merging ~/GENIE_GSEM/data/gwas_sumstats/munged/hm3_munged_info_0_8_maf_0_1/PTSD.sumstats.gz and ~/GENIE_GSEM/data/gwas_sumstats/munged/hm3_munged_info_0_8_maf_0_1/BFP.sumstats.gz summary statistics
Results for genetic covariance between: ~/GENIE_GSEM/data/gwas_sumstats/munged/hm3_munged_info_0_8_maf_0_1/PTSD.sumstats.gz and ~/GENIE_GSEM/data/gwas_sumstats/munged/hm3_munged_info_0_8_maf_0_1/BFP.sumstats.gz
Mean Z*Z: 0.1841
Cross trait Intercept: 0.0136 (0.0065)
Total Observed Scale Genetic Covariance (g_cov): 0.0295 (0.0025)
g_cov Z: 11.8
g_cov P-value: 5.481e-32
     
Calculating genetic covariance [74/91] for traits: ~/GENIE_GSEM/data/gwas_sumstats/munged/hm3_munged_info_0_8_maf_0_1/PTSD.sumstats.gz and ~/GENIE_GSEM/data/gwas_sumstats/munged/hm3_munged_info_0_8_maf_0_1/Age_Menarche_Eur.sumstats.gz
1075485 SNPs remain after merging ~/GENIE_GSEM/data/gwas_sumstats/munged/hm3_munged_info_0_8_maf_0_1/PTSD.sumstats.gz and ~/GENIE_GSEM/data/gwas_sumstats/munged/hm3_munged_info_0_8_maf_0_1/Age_Menarche_Eur.sumstats.gz summary statistics
Results for genetic covariance between: ~/GENIE_GSEM/data/gwas_sumstats/munged/hm3_munged_info_0_8_maf_0_1/PTSD.sumstats.gz and ~/GENIE_GSEM/data/gwas_sumstats/munged/hm3_munged_info_0_8_maf_0_1/Age_Menarche_Eur.sumstats.gz
Mean Z*Z: -0.0222
Cross trait Intercept: -0.0107 (0.0074)
Total Observed Scale Genetic Covariance (g_cov): -0.0026 (0.0023)
g_cov Z: -1.1
g_cov P-value: 0.2703
     
Calculating genetic covariance [75/91] for traits: ~/GENIE_GSEM/data/gwas_sumstats/munged/hm3_munged_info_0_8_maf_0_1/PTSD.sumstats.gz and ~/GENIE_GSEM/data/gwas_sumstats/munged/hm3_munged_info_0_8_maf_0_1/Tanner_StageMidAdol.sumstats.gz
901476 SNPs remain after merging ~/GENIE_GSEM/data/gwas_sumstats/munged/hm3_munged_info_0_8_maf_0_1/PTSD.sumstats.gz and ~/GENIE_GSEM/data/gwas_sumstats/munged/hm3_munged_info_0_8_maf_0_1/Tanner_StageMidAdol.sumstats.gz summary statistics
Results for genetic covariance between: ~/GENIE_GSEM/data/gwas_sumstats/munged/hm3_munged_info_0_8_maf_0_1/PTSD.sumstats.gz and ~/GENIE_GSEM/data/gwas_sumstats/munged/hm3_munged_info_0_8_maf_0_1/Tanner_StageMidAdol.sumstats.gz
Mean Z*Z: 0.017
Cross trait Intercept: 0.0093 (0.0059)
Total Observed Scale Genetic Covariance (g_cov): 0.0057 (0.0072)
g_cov Z: 0.789
g_cov P-value: 0.43029
     
Calculating genetic covariance [76/91] for traits: ~/GENIE_GSEM/data/gwas_sumstats/munged/hm3_munged_info_0_8_maf_0_1/PTSD.sumstats.gz and ~/GENIE_GSEM/data/gwas_sumstats/munged/hm3_munged_info_0_8_maf_0_1/BE_noAN.sumstats.gz
925952 SNPs remain after merging ~/GENIE_GSEM/data/gwas_sumstats/munged/hm3_munged_info_0_8_maf_0_1/PTSD.sumstats.gz and ~/GENIE_GSEM/data/gwas_sumstats/munged/hm3_munged_info_0_8_maf_0_1/BE_noAN.sumstats.gz summary statistics
Results for genetic covariance between: ~/GENIE_GSEM/data/gwas_sumstats/munged/hm3_munged_info_0_8_maf_0_1/PTSD.sumstats.gz and ~/GENIE_GSEM/data/gwas_sumstats/munged/hm3_munged_info_0_8_maf_0_1/BE_noAN.sumstats.gz
Mean Z*Z: 0.1091
Cross trait Intercept: 0.003 (0.0064)
Total Observed Scale Genetic Covariance (g_cov): 0.0241 (0.0027)
g_cov Z: 8.91
g_cov P-value: 4.9695e-19
          
Estimating heritability [77/91] for: ~/GENIE_GSEM/data/gwas_sumstats/munged/hm3_munged_info_0_8_maf_0_1/BMI_Childhood.sumstats.gz
Heritability Results for trait: ~/GENIE_GSEM/data/gwas_sumstats/munged/hm3_munged_info_0_8_maf_0_1/BMI_Childhood.sumstats.gz
Mean Chi^2 across remaining SNPs: 1.1709
Lambda GC: 1.1412
Intercept: 0.9985 (0.0075)
Ratio: -0.0089 (0.044)
Total Observed Scale h2: 0.2266 (0.0181)
h2 Z: 12.5
     
Calculating genetic covariance [78/91] for traits: ~/GENIE_GSEM/data/gwas_sumstats/munged/hm3_munged_info_0_8_maf_0_1/BMI_Childhood.sumstats.gz and ~/GENIE_GSEM/data/gwas_sumstats/munged/hm3_munged_info_0_8_maf_0_1/BFP.sumstats.gz
1155280 SNPs remain after merging ~/GENIE_GSEM/data/gwas_sumstats/munged/hm3_munged_info_0_8_maf_0_1/BMI_Childhood.sumstats.gz and ~/GENIE_GSEM/data/gwas_sumstats/munged/hm3_munged_info_0_8_maf_0_1/BFP.sumstats.gz summary statistics
Results for genetic covariance between: ~/GENIE_GSEM/data/gwas_sumstats/munged/hm3_munged_info_0_8_maf_0_1/BMI_Childhood.sumstats.gz and ~/GENIE_GSEM/data/gwas_sumstats/munged/hm3_munged_info_0_8_maf_0_1/BFP.sumstats.gz
Mean Z*Z: 0.1574
Cross trait Intercept: -0.0059 (0.0063)
Total Observed Scale Genetic Covariance (g_cov): 0.1006 (0.0091)
g_cov Z: 11
g_cov P-value: 3.2961e-28
     
Calculating genetic covariance [79/91] for traits: ~/GENIE_GSEM/data/gwas_sumstats/munged/hm3_munged_info_0_8_maf_0_1/BMI_Childhood.sumstats.gz and ~/GENIE_GSEM/data/gwas_sumstats/munged/hm3_munged_info_0_8_maf_0_1/Age_Menarche_Eur.sumstats.gz
1175299 SNPs remain after merging ~/GENIE_GSEM/data/gwas_sumstats/munged/hm3_munged_info_0_8_maf_0_1/BMI_Childhood.sumstats.gz and ~/GENIE_GSEM/data/gwas_sumstats/munged/hm3_munged_info_0_8_maf_0_1/Age_Menarche_Eur.sumstats.gz summary statistics
Results for genetic covariance between: ~/GENIE_GSEM/data/gwas_sumstats/munged/hm3_munged_info_0_8_maf_0_1/BMI_Childhood.sumstats.gz and ~/GENIE_GSEM/data/gwas_sumstats/munged/hm3_munged_info_0_8_maf_0_1/Age_Menarche_Eur.sumstats.gz
Mean Z*Z: -0.1698
Cross trait Intercept: 0.0144 (0.0069)
Total Observed Scale Genetic Covariance (g_cov): -0.0903 (0.009)
g_cov Z: -10.1
g_cov P-value: 8.3327e-24
     
Calculating genetic covariance [80/91] for traits: ~/GENIE_GSEM/data/gwas_sumstats/munged/hm3_munged_info_0_8_maf_0_1/BMI_Childhood.sumstats.gz and ~/GENIE_GSEM/data/gwas_sumstats/munged/hm3_munged_info_0_8_maf_0_1/Tanner_StageMidAdol.sumstats.gz
970479 SNPs remain after merging ~/GENIE_GSEM/data/gwas_sumstats/munged/hm3_munged_info_0_8_maf_0_1/BMI_Childhood.sumstats.gz and ~/GENIE_GSEM/data/gwas_sumstats/munged/hm3_munged_info_0_8_maf_0_1/Tanner_StageMidAdol.sumstats.gz summary statistics
Results for genetic covariance between: ~/GENIE_GSEM/data/gwas_sumstats/munged/hm3_munged_info_0_8_maf_0_1/BMI_Childhood.sumstats.gz and ~/GENIE_GSEM/data/gwas_sumstats/munged/hm3_munged_info_0_8_maf_0_1/Tanner_StageMidAdol.sumstats.gz
Mean Z*Z: 0.1096
Cross trait Intercept: 0.0807 (0.0051)
Total Observed Scale Genetic Covariance (g_cov): 0.0721 (0.0181)
g_cov Z: 3.98
g_cov P-value: 6.8108e-05
     
Calculating genetic covariance [81/91] for traits: ~/GENIE_GSEM/data/gwas_sumstats/munged/hm3_munged_info_0_8_maf_0_1/BMI_Childhood.sumstats.gz and ~/GENIE_GSEM/data/gwas_sumstats/munged/hm3_munged_info_0_8_maf_0_1/BE_noAN.sumstats.gz
996415 SNPs remain after merging ~/GENIE_GSEM/data/gwas_sumstats/munged/hm3_munged_info_0_8_maf_0_1/BMI_Childhood.sumstats.gz and ~/GENIE_GSEM/data/gwas_sumstats/munged/hm3_munged_info_0_8_maf_0_1/BE_noAN.sumstats.gz summary statistics
Results for genetic covariance between: ~/GENIE_GSEM/data/gwas_sumstats/munged/hm3_munged_info_0_8_maf_0_1/BMI_Childhood.sumstats.gz and ~/GENIE_GSEM/data/gwas_sumstats/munged/hm3_munged_info_0_8_maf_0_1/BE_noAN.sumstats.gz
Mean Z*Z: 0.0865
Cross trait Intercept: 0.01 (0.006)
Total Observed Scale Genetic Covariance (g_cov): 0.0587 (0.0077)
g_cov Z: 7.62
g_cov P-value: 2.4674e-14
          
Estimating heritability [82/91] for: ~/GENIE_GSEM/data/gwas_sumstats/munged/hm3_munged_info_0_8_maf_0_1/BFP.sumstats.gz
Heritability Results for trait: ~/GENIE_GSEM/data/gwas_sumstats/munged/hm3_munged_info_0_8_maf_0_1/BFP.sumstats.gz
Mean Chi^2 across remaining SNPs: 1.7701
Lambda GC: 1.5801
Intercept: 1.0393 (0.0113)
Ratio: 0.0511 (0.0147)
Total Observed Scale h2: 0.2163 (0.0081)
h2 Z: 26.7
     
Calculating genetic covariance [83/91] for traits: ~/GENIE_GSEM/data/gwas_sumstats/munged/hm3_munged_info_0_8_maf_0_1/BFP.sumstats.gz and ~/GENIE_GSEM/data/gwas_sumstats/munged/hm3_munged_info_0_8_maf_0_1/Age_Menarche_Eur.sumstats.gz
1155905 SNPs remain after merging ~/GENIE_GSEM/data/gwas_sumstats/munged/hm3_munged_info_0_8_maf_0_1/BFP.sumstats.gz and ~/GENIE_GSEM/data/gwas_sumstats/munged/hm3_munged_info_0_8_maf_0_1/Age_Menarche_Eur.sumstats.gz summary statistics
Results for genetic covariance between: ~/GENIE_GSEM/data/gwas_sumstats/munged/hm3_munged_info_0_8_maf_0_1/BFP.sumstats.gz and ~/GENIE_GSEM/data/gwas_sumstats/munged/hm3_munged_info_0_8_maf_0_1/Age_Menarche_Eur.sumstats.gz
Mean Z*Z: -0.2434
Cross trait Intercept: -0.0442 (0.0079)
Total Observed Scale Genetic Covariance (g_cov): -0.0473 (0.0047)
g_cov Z: -10.2
g_cov P-value: 3.0901e-24
     
Calculating genetic covariance [84/91] for traits: ~/GENIE_GSEM/data/gwas_sumstats/munged/hm3_munged_info_0_8_maf_0_1/BFP.sumstats.gz and ~/GENIE_GSEM/data/gwas_sumstats/munged/hm3_munged_info_0_8_maf_0_1/Tanner_StageMidAdol.sumstats.gz
956410 SNPs remain after merging ~/GENIE_GSEM/data/gwas_sumstats/munged/hm3_munged_info_0_8_maf_0_1/BFP.sumstats.gz and ~/GENIE_GSEM/data/gwas_sumstats/munged/hm3_munged_info_0_8_maf_0_1/Tanner_StageMidAdol.sumstats.gz summary statistics
Results for genetic covariance between: ~/GENIE_GSEM/data/gwas_sumstats/munged/hm3_munged_info_0_8_maf_0_1/BFP.sumstats.gz and ~/GENIE_GSEM/data/gwas_sumstats/munged/hm3_munged_info_0_8_maf_0_1/Tanner_StageMidAdol.sumstats.gz
Mean Z*Z: 0.0418
Cross trait Intercept: 0.0088 (0.0069)
Total Observed Scale Genetic Covariance (g_cov): 0.0391 (0.013)
g_cov Z: 3.02
g_cov P-value: 0.0025196
     
Calculating genetic covariance [85/91] for traits: ~/GENIE_GSEM/data/gwas_sumstats/munged/hm3_munged_info_0_8_maf_0_1/BFP.sumstats.gz and ~/GENIE_GSEM/data/gwas_sumstats/munged/hm3_munged_info_0_8_maf_0_1/BE_noAN.sumstats.gz
984735 SNPs remain after merging ~/GENIE_GSEM/data/gwas_sumstats/munged/hm3_munged_info_0_8_maf_0_1/BFP.sumstats.gz and ~/GENIE_GSEM/data/gwas_sumstats/munged/hm3_munged_info_0_8_maf_0_1/BE_noAN.sumstats.gz summary statistics
Results for genetic covariance between: ~/GENIE_GSEM/data/gwas_sumstats/munged/hm3_munged_info_0_8_maf_0_1/BFP.sumstats.gz and ~/GENIE_GSEM/data/gwas_sumstats/munged/hm3_munged_info_0_8_maf_0_1/BE_noAN.sumstats.gz
Mean Z*Z: 0.1131
Cross trait Intercept: -0.0043 (0.0075)
Total Observed Scale Genetic Covariance (g_cov): 0.0427 (0.005)
g_cov Z: 8.58
g_cov P-value: 9.8268e-18
          
Estimating heritability [86/91] for: ~/GENIE_GSEM/data/gwas_sumstats/munged/hm3_munged_info_0_8_maf_0_1/Age_Menarche_Eur.sumstats.gz
Heritability Results for trait: ~/GENIE_GSEM/data/gwas_sumstats/munged/hm3_munged_info_0_8_maf_0_1/Age_Menarche_Eur.sumstats.gz
Mean Chi^2 across remaining SNPs: 2.2349
Lambda GC: 1.7665
Intercept: 1.0159 (0.0161)
Ratio: 0.0128 (0.0131)
Total Observed Scale h2: 0.2226 (0.0093)
h2 Z: 23.9
     
Calculating genetic covariance [87/91] for traits: ~/GENIE_GSEM/data/gwas_sumstats/munged/hm3_munged_info_0_8_maf_0_1/Age_Menarche_Eur.sumstats.gz and ~/GENIE_GSEM/data/gwas_sumstats/munged/hm3_munged_info_0_8_maf_0_1/Tanner_StageMidAdol.sumstats.gz
970133 SNPs remain after merging ~/GENIE_GSEM/data/gwas_sumstats/munged/hm3_munged_info_0_8_maf_0_1/Age_Menarche_Eur.sumstats.gz and ~/GENIE_GSEM/data/gwas_sumstats/munged/hm3_munged_info_0_8_maf_0_1/Tanner_StageMidAdol.sumstats.gz summary statistics
Results for genetic covariance between: ~/GENIE_GSEM/data/gwas_sumstats/munged/hm3_munged_info_0_8_maf_0_1/Age_Menarche_Eur.sumstats.gz and ~/GENIE_GSEM/data/gwas_sumstats/munged/hm3_munged_info_0_8_maf_0_1/Tanner_StageMidAdol.sumstats.gz
Mean Z*Z: -0.1618
Cross trait Intercept: -0.0041 (0.0083)
Total Observed Scale Genetic Covariance (g_cov): -0.1485 (0.0123)
g_cov Z: -12
g_cov P-value: 2.6273e-33
     
Calculating genetic covariance [88/91] for traits: ~/GENIE_GSEM/data/gwas_sumstats/munged/hm3_munged_info_0_8_maf_0_1/Age_Menarche_Eur.sumstats.gz and ~/GENIE_GSEM/data/gwas_sumstats/munged/hm3_munged_info_0_8_maf_0_1/BE_noAN.sumstats.gz
995710 SNPs remain after merging ~/GENIE_GSEM/data/gwas_sumstats/munged/hm3_munged_info_0_8_maf_0_1/Age_Menarche_Eur.sumstats.gz and ~/GENIE_GSEM/data/gwas_sumstats/munged/hm3_munged_info_0_8_maf_0_1/BE_noAN.sumstats.gz summary statistics
Results for genetic covariance between: ~/GENIE_GSEM/data/gwas_sumstats/munged/hm3_munged_info_0_8_maf_0_1/Age_Menarche_Eur.sumstats.gz and ~/GENIE_GSEM/data/gwas_sumstats/munged/hm3_munged_info_0_8_maf_0_1/BE_noAN.sumstats.gz
Mean Z*Z: -0.0976
Cross trait Intercept: 0.0146 (0.0085)
Total Observed Scale Genetic Covariance (g_cov): -0.0318 (0.0048)
g_cov Z: -6.58
g_cov P-value: 4.8114e-11
          
Estimating heritability [89/91] for: ~/GENIE_GSEM/data/gwas_sumstats/munged/hm3_munged_info_0_8_maf_0_1/Tanner_StageMidAdol.sumstats.gz
Heritability Results for trait: ~/GENIE_GSEM/data/gwas_sumstats/munged/hm3_munged_info_0_8_maf_0_1/Tanner_StageMidAdol.sumstats.gz
Mean Chi^2 across remaining SNPs: 1.0005
Lambda GC: 0.9965
Intercept: 0.9833 (0.0066)
Ratio: -34.8546 (13.7988)
Total Observed Scale h2: 0.085 (0.0459)
h2 Z: 1.85
     
Calculating genetic covariance [90/91] for traits: ~/GENIE_GSEM/data/gwas_sumstats/munged/hm3_munged_info_0_8_maf_0_1/Tanner_StageMidAdol.sumstats.gz and ~/GENIE_GSEM/data/gwas_sumstats/munged/hm3_munged_info_0_8_maf_0_1/BE_noAN.sumstats.gz
833244 SNPs remain after merging ~/GENIE_GSEM/data/gwas_sumstats/munged/hm3_munged_info_0_8_maf_0_1/Tanner_StageMidAdol.sumstats.gz and ~/GENIE_GSEM/data/gwas_sumstats/munged/hm3_munged_info_0_8_maf_0_1/BE_noAN.sumstats.gz summary statistics
Results for genetic covariance between: ~/GENIE_GSEM/data/gwas_sumstats/munged/hm3_munged_info_0_8_maf_0_1/Tanner_StageMidAdol.sumstats.gz and ~/GENIE_GSEM/data/gwas_sumstats/munged/hm3_munged_info_0_8_maf_0_1/BE_noAN.sumstats.gz
Mean Z*Z: 0.0219
Cross trait Intercept: -0.0036 (0.0058)
Total Observed Scale Genetic Covariance (g_cov): 0.038 (0.0123)
g_cov Z: 3.08
g_cov P-value: 0.0020597
          
Estimating heritability [91/91] for: ~/GENIE_GSEM/data/gwas_sumstats/munged/hm3_munged_info_0_8_maf_0_1/BE_noAN.sumstats.gz
Heritability Results for trait: ~/GENIE_GSEM/data/gwas_sumstats/munged/hm3_munged_info_0_8_maf_0_1/BE_noAN.sumstats.gz
Mean Chi^2 across remaining SNPs: 1.158
Lambda GC: 1.1463
Intercept: 1.0236 (0.0077)
Ratio: 0.1494 (0.0485)
Total Observed Scale h2: 0.063 (0.0061)
h2 Z: 10.4
     
      
Liability Scale Results
     
Liability scale results for: FFM
Total Liability Scale h2: 0.2848 (0.0107)
Total Liability Scale Genetic Covariance between FFM and Insulin_Eur: -0.0165 (0.0042)
     
Total Liability Scale Genetic Covariance between FFM and AN: -0.0296 (0.0044)
     
Total Liability Scale Genetic Covariance between FFM and ANX: 0.0077 (0.016)
     
Total Liability Scale Genetic Covariance between FFM and BMI: 0.1405 (0.0056)
     
Total Liability Scale Genetic Covariance between FFM and MDD_Eur: 0.0064 (0.0021)
     
Total Liability Scale Genetic Covariance between FFM and OCD: -0.0295 (0.0118)
     
Total Liability Scale Genetic Covariance between FFM and PTSD: 0.0069 (0.0024)
     
Total Liability Scale Genetic Covariance between FFM and BMI_Childhood: 0.1093 (0.008)
     
Total Liability Scale Genetic Covariance between FFM and BFP: 0.0918 (0.0058)
     
Total Liability Scale Genetic Covariance between FFM and Age_Menarche_Eur: -0.039 (0.0048)
     
Total Liability Scale Genetic Covariance between FFM and Tanner_StageMidAdol: 0.0407 (0.0135)
     
Total Liability Scale Genetic Covariance between FFM and BE_noAN: 0.0449 (0.005)
     
     
Liability scale results for: Insulin_Eur
Total Liability Scale h2: 0.0611 (0.0065)
Total Liability Scale Genetic Covariance between Insulin_Eur and AN: -0.0163 (0.0035)
     
Total Liability Scale Genetic Covariance between Insulin_Eur and ANX: 0.0171 (0.013)
     
Total Liability Scale Genetic Covariance between Insulin_Eur and BMI: -0.0132 (0.003)
     
Total Liability Scale Genetic Covariance between Insulin_Eur and MDD_Eur: 0.0046 (0.0017)
     
Total Liability Scale Genetic Covariance between Insulin_Eur and OCD: 0.0022 (0.0087)
     
Total Liability Scale Genetic Covariance between Insulin_Eur and PTSD: 0.0033 (0.002)
     
Total Liability Scale Genetic Covariance between Insulin_Eur and BMI_Childhood: -0.0343 (0.0058)
     
Total Liability Scale Genetic Covariance between Insulin_Eur and BFP: 0.0054 (0.0045)
     
Total Liability Scale Genetic Covariance between Insulin_Eur and Age_Menarche_Eur: 0.0033 (0.0034)
     
Total Liability Scale Genetic Covariance between Insulin_Eur and Tanner_StageMidAdol: 0.0057 (0.0103)
     
Total Liability Scale Genetic Covariance between Insulin_Eur and BE_noAN: -0.0134 (0.0036)
     
     
Liability scale results for: AN
Total Liability Scale h2: 0.1296 (0.0075)
Total Liability Scale Genetic Covariance between AN and ANX: 0.0464 (0.0164)
     
Total Liability Scale Genetic Covariance between AN and BMI: -0.0509 (0.0036)
     
Total Liability Scale Genetic Covariance between AN and MDD_Eur: 0.0273 (0.0024)
     
Total Liability Scale Genetic Covariance between AN and OCD: 0.0864 (0.0129)
     
Total Liability Scale Genetic Covariance between AN and PTSD: 0.0235 (0.0028)
     
Total Liability Scale Genetic Covariance between AN and BMI_Childhood: -0.0093 (0.007)
     
Total Liability Scale Genetic Covariance between AN and BFP: -0.0554 (0.0049)
     
Total Liability Scale Genetic Covariance between AN and Age_Menarche_Eur: -0.0034 (0.0044)
     
Total Liability Scale Genetic Covariance between AN and Tanner_StageMidAdol: -0.0025 (0.0133)
     
Total Liability Scale Genetic Covariance between AN and BE_noAN: 0.0203 (0.0044)
     
     
Liability scale results for: ANX
Total Liability Scale h2: 0.2037 (0.0763)
Total Liability Scale Genetic Covariance between ANX and BMI: 0.0118 (0.0132)
     
Total Liability Scale Genetic Covariance between ANX and MDD_Eur: 0.0984 (0.0075)
     
Total Liability Scale Genetic Covariance between ANX and OCD: 0.0655 (0.0415)
     
Total Liability Scale Genetic Covariance between ANX and PTSD: 0.0629 (0.0087)
     
Total Liability Scale Genetic Covariance between ANX and BMI_Childhood: -0.0239 (0.0235)
     
Total Liability Scale Genetic Covariance between ANX and BFP: 0.0236 (0.0142)
     
Total Liability Scale Genetic Covariance between ANX and Age_Menarche_Eur: -0.0086 (0.0141)
     
Total Liability Scale Genetic Covariance between ANX and Tanner_StageMidAdol: 0.0323 (0.0397)
     
Total Liability Scale Genetic Covariance between ANX and BE_noAN: 0.0541 (0.0139)
     
     
Liability scale results for: BMI
Total Liability Scale h2: 0.2079 (0.0059)
Total Liability Scale Genetic Covariance between BMI and MDD_Eur: 0.0192 (0.0017)
     
Total Liability Scale Genetic Covariance between BMI and OCD: -0.0671 (0.0105)
     
Total Liability Scale Genetic Covariance between BMI and PTSD: 0.0236 (0.0019)
     
Total Liability Scale Genetic Covariance between BMI and BMI_Childhood: 0.1444 (0.0083)
     
Total Liability Scale Genetic Covariance between BMI and BFP: 0.1802 (0.0058)
     
Total Liability Scale Genetic Covariance between BMI and Age_Menarche_Eur: -0.0673 (0.0044)
     
Total Liability Scale Genetic Covariance between BMI and Tanner_StageMidAdol: 0.0583 (0.0116)
     
Total Liability Scale Genetic Covariance between BMI and BE_noAN: 0.053 (0.0045)
     
     
Liability scale results for: MDD_Eur
Total Liability Scale h2: 0.0623 (0.002)
Total Liability Scale Genetic Covariance between MDD_Eur and OCD: 0.023 (0.0056)
     
Total Liability Scale Genetic Covariance between MDD_Eur and PTSD: 0.0528 (0.0018)
     
Total Liability Scale Genetic Covariance between MDD_Eur and BMI_Childhood: 0.0051 (0.0037)
     
Total Liability Scale Genetic Covariance between MDD_Eur and BFP: 0.0249 (0.0021)
     
Total Liability Scale Genetic Covariance between MDD_Eur and Age_Menarche_Eur: -0.0073 (0.0019)
     
Total Liability Scale Genetic Covariance between MDD_Eur and Tanner_StageMidAdol: 0.0012 (0.0058)
     
Total Liability Scale Genetic Covariance between MDD_Eur and BE_noAN: 0.022 (0.0022)
     
     
Liability scale results for: OCD
Total Liability Scale h2: 0.2786 (0.0411)
Total Liability Scale Genetic Covariance between OCD and PTSD: 0.0125 (0.0066)
     
Total Liability Scale Genetic Covariance between OCD and BMI_Childhood: -0.0125 (0.0173)
     
Total Liability Scale Genetic Covariance between OCD and BFP: -0.071 (0.0123)
     
Total Liability Scale Genetic Covariance between OCD and Age_Menarche_Eur: 1e-04 (0.0113)
     
Total Liability Scale Genetic Covariance between OCD and Tanner_StageMidAdol: -0.0087 (0.0328)
     
Total Liability Scale Genetic Covariance between OCD and BE_noAN: -0.0048 (0.012)
     
     
Liability scale results for: PTSD
Total Liability Scale h2: 0.0521 (0.0022)
Total Liability Scale Genetic Covariance between PTSD and BMI_Childhood: 0.008 (0.0037)
     
Total Liability Scale Genetic Covariance between PTSD and BFP: 0.0285 (0.0024)
     
Total Liability Scale Genetic Covariance between PTSD and Age_Menarche_Eur: -0.0025 (0.0023)
     
Total Liability Scale Genetic Covariance between PTSD and Tanner_StageMidAdol: 0.0055 (0.007)
     
Total Liability Scale Genetic Covariance between PTSD and BE_noAN: 0.0233 (0.0026)
     
     
Liability scale results for: BMI_Childhood
Total Liability Scale h2: 0.2266 (0.0181)
Total Liability Scale Genetic Covariance between BMI_Childhood and BFP: 0.1006 (0.0091)
     
Total Liability Scale Genetic Covariance between BMI_Childhood and Age_Menarche_Eur: -0.0903 (0.009)
     
Total Liability Scale Genetic Covariance between BMI_Childhood and Tanner_StageMidAdol: 0.0721 (0.0181)
     
Total Liability Scale Genetic Covariance between BMI_Childhood and BE_noAN: 0.0587 (0.0077)
     
     
Liability scale results for: BFP
Total Liability Scale h2: 0.2163 (0.0081)
Total Liability Scale Genetic Covariance between BFP and Age_Menarche_Eur: -0.0473 (0.0047)
     
Total Liability Scale Genetic Covariance between BFP and Tanner_StageMidAdol: 0.0391 (0.013)
     
Total Liability Scale Genetic Covariance between BFP and BE_noAN: 0.0427 (0.005)
     
     
Liability scale results for: Age_Menarche_Eur
Total Liability Scale h2: 0.2226 (0.0093)
Total Liability Scale Genetic Covariance between Age_Menarche_Eur and Tanner_StageMidAdol: -0.1485 (0.0123)
     
Total Liability Scale Genetic Covariance between Age_Menarche_Eur and BE_noAN: -0.0318 (0.0048)
     
     
Liability scale results for: Tanner_StageMidAdol
Total Liability Scale h2: 0.085 (0.0459)
Total Liability Scale Genetic Covariance between Tanner_StageMidAdol and BE_noAN: 0.038 (0.0123)
     
     
Liability scale results for: BE_noAN
Total Liability Scale h2: 0.063 (0.0061)
     
      
Genetic Correlation Results
Genetic Correlation between FFM and Insulin_Eur: -0.1248 (0.0318)
     
Genetic Correlation between FFM and AN: -0.1542 (0.0229)
     
Genetic Correlation between FFM and ANX: 0.0321 (0.0663)
     
Genetic Correlation between FFM and BMI: 0.5773 (0.0229)
     
Genetic Correlation between FFM and MDD_Eur: 0.0479 (0.016)
     
Genetic Correlation between FFM and OCD: -0.1047 (0.0419)
     
Genetic Correlation between FFM and PTSD: 0.0569 (0.0197)
     
Genetic Correlation between FFM and BMI_Childhood: 0.4302 (0.0315)
     
Genetic Correlation between FFM and BFP: 0.3697 (0.0232)
     
Genetic Correlation between FFM and Age_Menarche_Eur: -0.155 (0.0189)
     
Genetic Correlation between FFM and Tanner_StageMidAdol: 0.2618 (0.0871)
     
Genetic Correlation between FFM and BE_noAN: 0.3351 (0.037)
     
Genetic Correlation between Insulin_Eur and AN: -0.1834 (0.0394)
     
Genetic Correlation between Insulin_Eur and ANX: 0.1534 (0.1167)
     
Genetic Correlation between Insulin_Eur and BMI: -0.117 (0.027)
     
Genetic Correlation between Insulin_Eur and MDD_Eur: 0.0739 (0.0276)
     
Genetic Correlation between Insulin_Eur and OCD: 0.017 (0.0668)
     
Genetic Correlation between Insulin_Eur and PTSD: 0.0583 (0.036)
     
Genetic Correlation between Insulin_Eur and BMI_Childhood: -0.2913 (0.0489)
     
Genetic Correlation between Insulin_Eur and BFP: 0.0468 (0.0387)
     
Genetic Correlation between Insulin_Eur and Age_Menarche_Eur: 0.0283 (0.0288)
     
Genetic Correlation between Insulin_Eur and Tanner_StageMidAdol: 0.0791 (0.1428)
     
Genetic Correlation between Insulin_Eur and BE_noAN: -0.2155 (0.0581)
     
Genetic Correlation between AN and ANX: 0.2854 (0.1007)
     
Genetic Correlation between AN and BMI: -0.3101 (0.0219)
     
Genetic Correlation between AN and MDD_Eur: 0.3041 (0.0264)
     
Genetic Correlation between AN and OCD: 0.4548 (0.0677)
     
Genetic Correlation between AN and PTSD: 0.2856 (0.0336)
     
Genetic Correlation between AN and BMI_Childhood: -0.0542 (0.041)
     
Genetic Correlation between AN and BFP: -0.3311 (0.029)
     
Genetic Correlation between AN and Age_Menarche_Eur: -0.0198 (0.0258)
     
Genetic Correlation between AN and Tanner_StageMidAdol: -0.0238 (0.1264)
     
Genetic Correlation between AN and BE_noAN: 0.2244 (0.0488)
     
Genetic Correlation between ANX and BMI: 0.0572 (0.0641)
     
Genetic Correlation between ANX and MDD_Eur: 0.8728 (0.0663)
     
Genetic Correlation between ANX and OCD: 0.275 (0.1741)
     
Genetic Correlation between ANX and PTSD: 0.6108 (0.0841)
     
Genetic Correlation between ANX and BMI_Childhood: -0.1111 (0.1092)
     
Genetic Correlation between ANX and BFP: 0.1125 (0.0677)
     
Genetic Correlation between ANX and Age_Menarche_Eur: -0.0402 (0.066)
     
Genetic Correlation between ANX and Tanner_StageMidAdol: 0.2455 (0.302)
     
Genetic Correlation between ANX and BE_noAN: 0.4778 (0.1226)
     
Genetic Correlation between BMI and MDD_Eur: 0.1684 (0.0152)
     
Genetic Correlation between BMI and OCD: -0.2788 (0.0438)
     
Genetic Correlation between BMI and PTSD: 0.2266 (0.0183)
     
Genetic Correlation between BMI and BMI_Childhood: 0.6653 (0.038)
     
Genetic Correlation between BMI and BFP: 0.8498 (0.0272)
     
Genetic Correlation between BMI and Age_Menarche_Eur: -0.313 (0.0202)
     
Genetic Correlation between BMI and Tanner_StageMidAdol: 0.4383 (0.0869)
     
Genetic Correlation between BMI and BE_noAN: 0.4635 (0.0396)
     
Genetic Correlation between MDD_Eur and OCD: 0.1748 (0.0423)
     
Genetic Correlation between MDD_Eur and PTSD: 0.9266 (0.0322)
     
Genetic Correlation between MDD_Eur and BMI_Childhood: 0.0433 (0.0307)
     
Genetic Correlation between MDD_Eur and BFP: 0.2143 (0.0181)
     
Genetic Correlation between MDD_Eur and Age_Menarche_Eur: -0.0617 (0.0157)
     
Genetic Correlation between MDD_Eur and Tanner_StageMidAdol: 0.0172 (0.0801)
     
Genetic Correlation between MDD_Eur and BE_noAN: 0.3515 (0.0345)
     
Genetic Correlation between OCD and PTSD: 0.1037 (0.0548)
     
Genetic Correlation between OCD and BMI_Childhood: -0.0496 (0.0688)
     
Genetic Correlation between OCD and BFP: -0.2891 (0.05)
     
Genetic Correlation between OCD and Age_Menarche_Eur: 5e-04 (0.0453)
     
Genetic Correlation between OCD and Tanner_StageMidAdol: -0.0568 (0.2129)
     
Genetic Correlation between OCD and BE_noAN: -0.0363 (0.0908)
     
Genetic Correlation between PTSD and BMI_Childhood: 0.0735 (0.0338)
     
Genetic Correlation between PTSD and BFP: 0.2683 (0.0228)
     
Genetic Correlation between PTSD and Age_Menarche_Eur: -0.0232 (0.021)
     
Genetic Correlation between PTSD and Tanner_StageMidAdol: 0.0824 (0.1045)
     
Genetic Correlation between PTSD and BE_noAN: 0.4067 (0.0456)
     
Genetic Correlation between BMI_Childhood and BFP: 0.4544 (0.0413)
     
Genetic Correlation between BMI_Childhood and Age_Menarche_Eur: -0.4021 (0.04)
     
Genetic Correlation between BMI_Childhood and Tanner_StageMidAdol: 0.5197 (0.1305)
     
Genetic Correlation between BMI_Childhood and BE_noAN: 0.4917 (0.0645)
     
Genetic Correlation between BFP and Age_Menarche_Eur: -0.2156 (0.0212)
     
Genetic Correlation between BFP and Tanner_StageMidAdol: 0.2887 (0.0956)
     
Genetic Correlation between BFP and BE_noAN: 0.3662 (0.0427)
     
Genetic Correlation between Age_Menarche_Eur and Tanner_StageMidAdol: -1.0795 (0.0898)
     
Genetic Correlation between Age_Menarche_Eur and BE_noAN: -0.2687 (0.0409)
     
Genetic Correlation between Tanner_StageMidAdol and BE_noAN: 0.5197 (0.1687)
     
     
LDSC finished running at 2025-10-05 20:23:27.90305
Running LDSC for all files took 1 minutes and 36 seconds
     
